#
# There is insufficient memory for the Java Runtime Environment to continue.
# Native memory allocation (malloc) failed to allocate 32784 bytes for Chunk::new
# Possible reasons:
#   The system is out of physical RAM or swap space
#   The process is running with CompressedOops enabled, and the Java Heap may be blocking the growth of the native heap
# Possible solutions:
#   Reduce memory load on the system
#   Increase physical memory or swap space
#   Check if swap backing store is full
#   Decrease Java heap size (-Xmx/-Xms)
#   Decrease number of Java threads
#   Decrease Java thread stack sizes (-Xss)
#   Set larger code cache with -XX:ReservedCodeCacheSize=
#   JVM is running with Unscaled Compressed Oops mode in which the Java heap is
#     placed in the first 4GB address space. The Java Heap base address is the
#     maximum limit for the native heap growth. Please use -XX:HeapBaseMinAddress
#     to set the Java Heap base and to place the Java Heap above 4GB virtual address.
# This output file may be truncated or incomplete.
#
#  Out of Memory Error (./src/hotspot/share/memory/arena.cpp:197), pid=3188, tid=528
#
# JRE version: OpenJDK Runtime Environment (11.0.8+10) (build 11.0.8+10-b944.6842174)
# Java VM: OpenJDK 64-Bit Server VM (11.0.8+10-b944.6842174, mixed mode, tiered, compressed oops, g1 gc, windows-amd64)
# No core dump will be written. Minidumps are not enabled by default on client versions of Windows
#

---------------  S U M M A R Y ------------

Command Line: --add-opens=java.base/java.util=ALL-UNNAMED --add-opens=java.base/java.lang=ALL-UNNAMED --add-opens=java.base/java.lang.invoke=ALL-UNNAMED --add-opens=java.prefs/java.util.prefs=ALL-UNNAMED -Xmx2048m -Dfile.encoding=UTF-8 -Duser.country=US -Duser.language=en -Duser.variant org.gradle.launcher.daemon.bootstrap.GradleDaemon 6.5

Host: Intel(R) Core(TM) i7-7500U CPU @ 2.70GHz, 4 cores, 7G,  Windows 10 , 64 bit Build 19041 (10.0.19041.928)
Time: Sun Jun  6 17:23:17 2021 SE Asia Standard Time elapsed time: 5505 seconds (0d 1h 31m 45s)

---------------  T H R E A D  ---------------

Current thread (0x000001cf6926d800):  JavaThread "C2 CompilerThread0" daemon [_thread_in_native, id=528, stack(0x000000b2e5300000,0x000000b2e5400000)]


Current CompileTask:
C2:5505206 14358 %     4       sun.nio.cs.UTF_8$Decoder::decodeArrayLoop @ 73 (691 bytes)

Stack: [0x000000b2e5300000,0x000000b2e5400000]
Native frames: (J=compiled Java code, j=interpreted, Vv=VM code, C=native code)
V  [jvm.dll+0x5de50a]
V  [jvm.dll+0x7122f5]
V  [jvm.dll+0x71384d]
V  [jvm.dll+0x713f03]
V  [jvm.dll+0x23e728]
V  [jvm.dll+0xb899c]
V  [jvm.dll+0xb8e9c]
V  [jvm.dll+0xb8a98]
V  [jvm.dll+0x5be3b0]
V  [jvm.dll+0x50b96a]
V  [jvm.dll+0x4f8455]
V  [jvm.dll+0x4f8c99]
V  [jvm.dll+0x4fab23]
V  [jvm.dll+0x4fa8eb]
V  [jvm.dll+0x4fa866]
V  [jvm.dll+0x502678]
V  [jvm.dll+0x1ff393]
V  [jvm.dll+0x1f917c]
V  [jvm.dll+0x1f685f]
V  [jvm.dll+0x17f32c]
V  [jvm.dll+0x205047]
V  [jvm.dll+0x203891]
V  [jvm.dll+0x6dad3f]
V  [jvm.dll+0x6d3895]
V  [jvm.dll+0x5dd4a6]
C  [ucrtbase.dll+0x21bb2]
C  [KERNEL32.DLL+0x17034]
C  [ntdll.dll+0x52651]


---------------  P R O C E S S  ---------------

Threads class SMR info:
_java_thread_list=0x000001cf6f47e160, length=133, elements={
0x000001cf4f7fc800, 0x000001cf69260000, 0x000001cf69261800, 0x000001cf69bf2800,
0x000001cf6926c000, 0x000001cf6926d800, 0x000001cf6927d000, 0x000001cf69c38000,
0x000001cf69d26800, 0x000001cf69d30800, 0x000001cf6a920800, 0x000001cf69f96800,
0x000001cf6af39800, 0x000001cf6bee4000, 0x000001cf6bee2800, 0x000001cf6bee1000,
0x000001cf6c29d800, 0x000001cf6c29e800, 0x000001cf6f27d000, 0x000001cf6f27c000,
0x000001cf6f27a000, 0x000001cf6f280800, 0x000001cf6f287000, 0x000001cf6c2a4000,
0x000001cf6c29f000, 0x000001cf6c2a2800, 0x000001cf6c2a3800, 0x000001cf6c2a5800,
0x000001cf6c2a0000, 0x000001cf6c2a6800, 0x000001cf6c2a1000, 0x000001cf6c2a9000,
0x000001cf6c2aa000, 0x000001cf6c2a7800, 0x000001cf6c2a8000, 0x000001cf6c2aa800,
0x000001cf6c2ab800, 0x000001cf6c2ac000, 0x000001cf6bee5800, 0x000001cf6bee1800,
0x000001cf6bee0000, 0x000001cf6bee3000, 0x000001cf6bee5000, 0x000001cf6bee6800,
0x000001cf6f7b5000, 0x000001cf6f7b6800, 0x000001cf6f7b4000, 0x000001cf6f7b1000,
0x000001cf6f7b3800, 0x000001cf6f7b7800, 0x000001cf6f7b1800, 0x000001cf6f7b6000,
0x000001cf6f7b8000, 0x000001cf6f7b2800, 0x000001cf6f7bd000, 0x000001cf6f7bc800,
0x000001cf6f7bf000, 0x000001cf6f7be000, 0x000001cf6f7ba800, 0x000001cf6f7b9000,
0x000001cf6f7bf800, 0x000001cf6f7ba000, 0x000001cf6f7bb800, 0x000001cf6f21e000,
0x000001cf6f21a000, 0x000001cf6f21a800, 0x000001cf6f21b800, 0x000001cf6f21c800,
0x000001cf6f21d000, 0x000001cf6f218000, 0x000001cf6f21e800, 0x000001cf6f219000,
0x000001cf6dd2c800, 0x000001cf6dd2e800, 0x000001cf6dd30000, 0x000001cf6dd31800,
0x000001cf6dd2f000, 0x000001cf6dd2d800, 0x000001cf6dd36800, 0x000001cf6dd35800,
0x000001cf6dd31000, 0x000001cf6dd34000, 0x000001cf6dd35000, 0x000001cf6dd37800,
0x000001cf6dd38000, 0x000001cf6dd32800, 0x000001cf6dd39000, 0x000001cf6dd33800,
0x000001cf6dd3a000, 0x000001cf6dd3a800, 0x000001cf6dd3b800, 0x000001cf6e9b5800,
0x000001cf6e9b8000, 0x000001cf6e9b8800, 0x000001cf6e9b6800, 0x000001cf6e9b7000,
0x000001cf6e9b9800, 0x000001cf6e9ba800, 0x000001cf6e9b4800, 0x000001cf6e9bd000,
0x000001cf6e9c1000, 0x000001cf6e9bc000, 0x000001cf6e9bb000, 0x000001cf6e9c1800,
0x000001cf6e9c2800, 0x000001cf6e9bd800, 0x000001cf6e9c3800, 0x000001cf6e9c0000,
0x000001cf6e9be800, 0x000001cf6e9bf000, 0x000001cf6a581000, 0x000001cf6a581800,
0x000001cf6a57f000, 0x000001cf6a57e800, 0x000001cf6a580000, 0x000001cf6a57c000,
0x000001cf6a582800, 0x000001cf6a57c800, 0x000001cf6a583000, 0x000001cf6a57d800,
0x000001cf6a585800, 0x000001cf6a584000, 0x000001cf6a586800, 0x000001cf6a587800,
0x000001cf6a58a000, 0x000001cf6a588000, 0x000001cf6a58a800, 0x000001cf6a585000,
0x000001cf6f278000, 0x000001cf6f27e000, 0x000001cf6f27b800, 0x000001cf6f27a800,
0x000001cf6f27e800
}

Java Threads: ( => current thread )
  0x000001cf4f7fc800 JavaThread "main" [_thread_blocked, id=3624, stack(0x000000b2e4800000,0x000000b2e4900000)]
  0x000001cf69260000 JavaThread "Reference Handler" daemon [_thread_blocked, id=2788, stack(0x000000b2e4f00000,0x000000b2e5000000)]
  0x000001cf69261800 JavaThread "Finalizer" daemon [_thread_blocked, id=12952, stack(0x000000b2e5000000,0x000000b2e5100000)]
  0x000001cf69bf2800 JavaThread "Signal Dispatcher" daemon [_thread_blocked, id=11504, stack(0x000000b2e5100000,0x000000b2e5200000)]
  0x000001cf6926c000 JavaThread "Attach Listener" daemon [_thread_blocked, id=12948, stack(0x000000b2e5200000,0x000000b2e5300000)]
=>0x000001cf6926d800 JavaThread "C2 CompilerThread0" daemon [_thread_in_native, id=528, stack(0x000000b2e5300000,0x000000b2e5400000)]
  0x000001cf6927d000 JavaThread "C1 CompilerThread0" daemon [_thread_blocked, id=2644, stack(0x000000b2e5400000,0x000000b2e5500000)]
  0x000001cf69c38000 JavaThread "Sweeper thread" daemon [_thread_blocked, id=2928, stack(0x000000b2e5500000,0x000000b2e5600000)]
  0x000001cf69d26800 JavaThread "Common-Cleaner" daemon [_thread_blocked, id=6012, stack(0x000000b2e5600000,0x000000b2e5700000)]
  0x000001cf69d30800 JavaThread "Service Thread" daemon [_thread_blocked, id=1332, stack(0x000000b2e5700000,0x000000b2e5800000)]
  0x000001cf6a920800 JavaThread "Daemon health stats" [_thread_blocked, id=10044, stack(0x000000b2e5c00000,0x000000b2e5d00000)]
  0x000001cf69f96800 JavaThread "Incoming local TCP Connector on port 64654" [_thread_in_native, id=5584, stack(0x000000b2e5e00000,0x000000b2e5f00000)]
  0x000001cf6af39800 JavaThread "Daemon periodic checks" [_thread_blocked, id=12804, stack(0x000000b2e5f00000,0x000000b2e6000000)]
  0x000001cf6bee4000 JavaThread "Cache worker for journal cache (C:\Users\DELL\.gradle\caches\journal-1)" [_thread_blocked, id=14204, stack(0x000000b2e6800000,0x000000b2e6900000)]
  0x000001cf6bee2800 JavaThread "File lock request listener" [_thread_in_native, id=6868, stack(0x000000b2e6900000,0x000000b2e6a00000)]
  0x000001cf6bee1000 JavaThread "Cache worker for file hash cache (C:\Users\DELL\.gradle\caches\6.5\fileHashes)" [_thread_blocked, id=2868, stack(0x000000b2e6a00000,0x000000b2e6b00000)]
  0x000001cf6c29d800 JavaThread "Cache worker for execution history cache (C:\Users\DELL\.gradle\caches\6.5\executionHistory)" [_thread_blocked, id=7216, stack(0x000000b2e8500000,0x000000b2e8600000)]
  0x000001cf6c29e800 JavaThread "Cache worker for file content cache (C:\Users\DELL\.gradle\caches\6.5\fileContent)" [_thread_blocked, id=2000, stack(0x000000b2e8600000,0x000000b2e8700000)]
  0x000001cf6f27d000 JavaThread "Memory manager" [_thread_blocked, id=4324, stack(0x000000b2ed400000,0x000000b2ed500000)]
  0x000001cf6f27c000 JavaThread "Daemon Thread 2" [_thread_blocked, id=11388, stack(0x000000b2e4600000,0x000000b2e4700000)]
  0x000001cf6f27a000 JavaThread "Daemon worker Thread 2" [_thread_blocked, id=6964, stack(0x000000b2e5d00000,0x000000b2e5e00000)]
  0x000001cf6f280800 JavaThread "jar transforms Thread 93" [_thread_blocked, id=5988, stack(0x000000b2e6f00000,0x000000b2e7000000)]
  0x000001cf6f287000 JavaThread "jar transforms Thread 94" [_thread_blocked, id=5252, stack(0x000000b2e7000000,0x000000b2e7100000)]
  0x000001cf6c2a4000 JavaThread "jar transforms Thread 95" [_thread_blocked, id=2804, stack(0x000000b2e7100000,0x000000b2e7200000)]
  0x000001cf6c29f000 JavaThread "jar transforms Thread 96" [_thread_blocked, id=11604, stack(0x000000b2e7200000,0x000000b2e7300000)]
  0x000001cf6c2a2800 JavaThread "jar transforms Thread 97" [_thread_blocked, id=13648, stack(0x000000b2e7300000,0x000000b2e7400000)]
  0x000001cf6c2a3800 JavaThread "jar transforms Thread 98" [_thread_blocked, id=13984, stack(0x000000b2e7400000,0x000000b2e7500000)]
  0x000001cf6c2a5800 JavaThread "jar transforms Thread 99" [_thread_blocked, id=9100, stack(0x000000b2e7500000,0x000000b2e7600000)]
  0x000001cf6c2a0000 JavaThread "jar transforms Thread 100" [_thread_blocked, id=14992, stack(0x000000b2e7600000,0x000000b2e7700000)]
  0x000001cf6c2a6800 JavaThread "jar transforms Thread 101" [_thread_blocked, id=12124, stack(0x000000b2e7700000,0x000000b2e7800000)]
  0x000001cf6c2a1000 JavaThread "jar transforms Thread 102" [_thread_blocked, id=13284, stack(0x000000b2e7800000,0x000000b2e7900000)]
  0x000001cf6c2a9000 JavaThread "jar transforms Thread 103" [_thread_blocked, id=6908, stack(0x000000b2e7900000,0x000000b2e7a00000)]
  0x000001cf6c2aa000 JavaThread "jar transforms Thread 104" [_thread_blocked, id=14120, stack(0x000000b2e7a00000,0x000000b2e7b00000)]
  0x000001cf6c2a7800 JavaThread "jar transforms Thread 105" [_thread_blocked, id=1340, stack(0x000000b2e7b00000,0x000000b2e7c00000)]
  0x000001cf6c2a8000 JavaThread "jar transforms Thread 106" [_thread_blocked, id=12312, stack(0x000000b2e7c00000,0x000000b2e7d00000)]
  0x000001cf6c2aa800 JavaThread "jar transforms Thread 107" [_thread_blocked, id=13400, stack(0x000000b2e7d00000,0x000000b2e7e00000)]
  0x000001cf6c2ab800 JavaThread "jar transforms Thread 108" [_thread_blocked, id=11872, stack(0x000000b2e7e00000,0x000000b2e7f00000)]
  0x000001cf6c2ac000 JavaThread "jar transforms Thread 109" [_thread_blocked, id=6680, stack(0x000000b2e7f00000,0x000000b2e8000000)]
  0x000001cf6bee5800 JavaThread "jar transforms Thread 110" [_thread_blocked, id=12976, stack(0x000000b2e8000000,0x000000b2e8100000)]
  0x000001cf6bee1800 JavaThread "jar transforms Thread 111" [_thread_blocked, id=3212, stack(0x000000b2e8100000,0x000000b2e8200000)]
  0x000001cf6bee0000 JavaThread "jar transforms Thread 112" [_thread_blocked, id=7036, stack(0x000000b2e8200000,0x000000b2e8300000)]
  0x000001cf6bee3000 JavaThread "jar transforms Thread 113" [_thread_blocked, id=13092, stack(0x000000b2e8300000,0x000000b2e8400000)]
  0x000001cf6bee5000 JavaThread "jar transforms Thread 114" [_thread_blocked, id=14744, stack(0x000000b2e8400000,0x000000b2e8500000)]
  0x000001cf6bee6800 JavaThread "jar transforms Thread 115" [_thread_blocked, id=7120, stack(0x000000b2e8700000,0x000000b2e8800000)]
  0x000001cf6f7b5000 JavaThread "jar transforms Thread 116" [_thread_blocked, id=11764, stack(0x000000b2e8800000,0x000000b2e8900000)]
  0x000001cf6f7b6800 JavaThread "jar transforms Thread 117" [_thread_blocked, id=8452, stack(0x000000b2e8900000,0x000000b2e8a00000)]
  0x000001cf6f7b4000 JavaThread "jar transforms Thread 118" [_thread_blocked, id=560, stack(0x000000b2e8a00000,0x000000b2e8b00000)]
  0x000001cf6f7b1000 JavaThread "jar transforms Thread 119" [_thread_blocked, id=7420, stack(0x000000b2e8b00000,0x000000b2e8c00000)]
  0x000001cf6f7b3800 JavaThread "jar transforms Thread 120" [_thread_blocked, id=3324, stack(0x000000b2e8c00000,0x000000b2e8d00000)]
  0x000001cf6f7b7800 JavaThread "jar transforms Thread 121" [_thread_blocked, id=3224, stack(0x000000b2e8d00000,0x000000b2e8e00000)]
  0x000001cf6f7b1800 JavaThread "jar transforms Thread 122" [_thread_blocked, id=3272, stack(0x000000b2e8e00000,0x000000b2e8f00000)]
  0x000001cf6f7b6000 JavaThread "jar transforms Thread 123" [_thread_blocked, id=12440, stack(0x000000b2e8f00000,0x000000b2e9000000)]
  0x000001cf6f7b8000 JavaThread "jar transforms Thread 124" [_thread_blocked, id=9724, stack(0x000000b2e9000000,0x000000b2e9100000)]
  0x000001cf6f7b2800 JavaThread "jar transforms Thread 125" [_thread_blocked, id=11916, stack(0x000000b2e9100000,0x000000b2e9200000)]
  0x000001cf6f7bd000 JavaThread "jar transforms Thread 126" [_thread_blocked, id=8464, stack(0x000000b2e9200000,0x000000b2e9300000)]
  0x000001cf6f7bc800 JavaThread "jar transforms Thread 127" [_thread_blocked, id=10412, stack(0x000000b2e9300000,0x000000b2e9400000)]
  0x000001cf6f7bf000 JavaThread "jar transforms Thread 128" [_thread_blocked, id=10196, stack(0x000000b2e9400000,0x000000b2e9500000)]
  0x000001cf6f7be000 JavaThread "jar transforms Thread 129" [_thread_blocked, id=3540, stack(0x000000b2e9500000,0x000000b2e9600000)]
  0x000001cf6f7ba800 JavaThread "jar transforms Thread 130" [_thread_blocked, id=13688, stack(0x000000b2e9600000,0x000000b2e9700000)]
  0x000001cf6f7b9000 JavaThread "jar transforms Thread 131" [_thread_blocked, id=2492, stack(0x000000b2e9700000,0x000000b2e9800000)]
  0x000001cf6f7bf800 JavaThread "jar transforms Thread 132" [_thread_blocked, id=2580, stack(0x000000b2e9800000,0x000000b2e9900000)]
  0x000001cf6f7ba000 JavaThread "jar transforms Thread 133" [_thread_blocked, id=15224, stack(0x000000b2e9900000,0x000000b2e9a00000)]
  0x000001cf6f7bb800 JavaThread "jar transforms Thread 134" [_thread_blocked, id=10524, stack(0x000000b2e9a00000,0x000000b2e9b00000)]
  0x000001cf6f21e000 JavaThread "jar transforms Thread 135" [_thread_blocked, id=9980, stack(0x000000b2e9b00000,0x000000b2e9c00000)]
  0x000001cf6f21a000 JavaThread "jar transforms Thread 136" [_thread_blocked, id=9816, stack(0x000000b2e9c00000,0x000000b2e9d00000)]
  0x000001cf6f21a800 JavaThread "jar transforms Thread 137" [_thread_blocked, id=816, stack(0x000000b2e9d00000,0x000000b2e9e00000)]
  0x000001cf6f21b800 JavaThread "jar transforms Thread 138" [_thread_blocked, id=7424, stack(0x000000b2e9e00000,0x000000b2e9f00000)]
  0x000001cf6f21c800 JavaThread "jar transforms Thread 139" [_thread_blocked, id=10364, stack(0x000000b2e9f00000,0x000000b2ea000000)]
  0x000001cf6f21d000 JavaThread "jar transforms Thread 140" [_thread_blocked, id=10848, stack(0x000000b2ea000000,0x000000b2ea100000)]
  0x000001cf6f218000 JavaThread "jar transforms Thread 141" [_thread_blocked, id=10552, stack(0x000000b2ea100000,0x000000b2ea200000)]
  0x000001cf6f21e800 JavaThread "jar transforms Thread 142" [_thread_blocked, id=8536, stack(0x000000b2ea200000,0x000000b2ea300000)]
  0x000001cf6f219000 JavaThread "jar transforms Thread 143" [_thread_blocked, id=7016, stack(0x000000b2ea300000,0x000000b2ea400000)]
  0x000001cf6dd2c800 JavaThread "jar transforms Thread 144" [_thread_blocked, id=3444, stack(0x000000b2ea400000,0x000000b2ea500000)]
  0x000001cf6dd2e800 JavaThread "jar transforms Thread 145" [_thread_blocked, id=13160, stack(0x000000b2ea500000,0x000000b2ea600000)]
  0x000001cf6dd30000 JavaThread "jar transforms Thread 146" [_thread_blocked, id=13512, stack(0x000000b2ea600000,0x000000b2ea700000)]
  0x000001cf6dd31800 JavaThread "jar transforms Thread 147" [_thread_blocked, id=15284, stack(0x000000b2ea700000,0x000000b2ea800000)]
  0x000001cf6dd2f000 JavaThread "jar transforms Thread 148" [_thread_blocked, id=11552, stack(0x000000b2ea800000,0x000000b2ea900000)]
  0x000001cf6dd2d800 JavaThread "jar transforms Thread 149" [_thread_blocked, id=11964, stack(0x000000b2ea900000,0x000000b2eaa00000)]
  0x000001cf6dd36800 JavaThread "jar transforms Thread 150" [_thread_blocked, id=1700, stack(0x000000b2eaa00000,0x000000b2eab00000)]
  0x000001cf6dd35800 JavaThread "jar transforms Thread 151" [_thread_blocked, id=10496, stack(0x000000b2eab00000,0x000000b2eac00000)]
  0x000001cf6dd31000 JavaThread "jar transforms Thread 152" [_thread_blocked, id=2404, stack(0x000000b2eac00000,0x000000b2ead00000)]
  0x000001cf6dd34000 JavaThread "jar transforms Thread 153" [_thread_blocked, id=11464, stack(0x000000b2ead00000,0x000000b2eae00000)]
  0x000001cf6dd35000 JavaThread "jar transforms Thread 154" [_thread_blocked, id=12388, stack(0x000000b2eae00000,0x000000b2eaf00000)]
  0x000001cf6dd37800 JavaThread "jar transforms Thread 155" [_thread_blocked, id=13872, stack(0x000000b2eaf00000,0x000000b2eb000000)]
  0x000001cf6dd38000 JavaThread "jar transforms Thread 156" [_thread_blocked, id=2232, stack(0x000000b2eb000000,0x000000b2eb100000)]
  0x000001cf6dd32800 JavaThread "jar transforms Thread 157" [_thread_blocked, id=11776, stack(0x000000b2eb100000,0x000000b2eb200000)]
  0x000001cf6dd39000 JavaThread "jar transforms Thread 158" [_thread_blocked, id=15160, stack(0x000000b2eb200000,0x000000b2eb300000)]
  0x000001cf6dd33800 JavaThread "jar transforms Thread 159" [_thread_blocked, id=14840, stack(0x000000b2eb300000,0x000000b2eb400000)]
  0x000001cf6dd3a000 JavaThread "jar transforms Thread 160" [_thread_blocked, id=1988, stack(0x000000b2eb400000,0x000000b2eb500000)]
  0x000001cf6dd3a800 JavaThread "jar transforms Thread 161" [_thread_blocked, id=4312, stack(0x000000b2eb500000,0x000000b2eb600000)]
  0x000001cf6dd3b800 JavaThread "jar transforms Thread 162" [_thread_blocked, id=10672, stack(0x000000b2eb600000,0x000000b2eb700000)]
  0x000001cf6e9b5800 JavaThread "jar transforms Thread 163" [_thread_blocked, id=12072, stack(0x000000b2eb700000,0x000000b2eb800000)]
  0x000001cf6e9b8000 JavaThread "jar transforms Thread 164" [_thread_blocked, id=14332, stack(0x000000b2eb800000,0x000000b2eb900000)]
  0x000001cf6e9b8800 JavaThread "jar transforms Thread 165" [_thread_blocked, id=9192, stack(0x000000b2eb900000,0x000000b2eba00000)]
  0x000001cf6e9b6800 JavaThread "jar transforms Thread 166" [_thread_blocked, id=5040, stack(0x000000b2eba00000,0x000000b2ebb00000)]
  0x000001cf6e9b7000 JavaThread "jar transforms Thread 167" [_thread_blocked, id=9812, stack(0x000000b2ebb00000,0x000000b2ebc00000)]
  0x000001cf6e9b9800 JavaThread "jar transforms Thread 168" [_thread_blocked, id=14144, stack(0x000000b2ebc00000,0x000000b2ebd00000)]
  0x000001cf6e9ba800 JavaThread "jar transforms Thread 169" [_thread_blocked, id=15204, stack(0x000000b2ebd00000,0x000000b2ebe00000)]
  0x000001cf6e9b4800 JavaThread "jar transforms Thread 170" [_thread_blocked, id=3612, stack(0x000000b2ebe00000,0x000000b2ebf00000)]
  0x000001cf6e9bd000 JavaThread "jar transforms Thread 171" [_thread_blocked, id=3956, stack(0x000000b2ebf00000,0x000000b2ec000000)]
  0x000001cf6e9c1000 JavaThread "jar transforms Thread 172" [_thread_blocked, id=3068, stack(0x000000b2ec000000,0x000000b2ec100000)]
  0x000001cf6e9bc000 JavaThread "jar transforms Thread 173" [_thread_blocked, id=14476, stack(0x000000b2ec100000,0x000000b2ec200000)]
  0x000001cf6e9bb000 JavaThread "jar transforms Thread 174" [_thread_blocked, id=7324, stack(0x000000b2ec200000,0x000000b2ec300000)]
  0x000001cf6e9c1800 JavaThread "jar transforms Thread 175" [_thread_blocked, id=2180, stack(0x000000b2ec300000,0x000000b2ec400000)]
  0x000001cf6e9c2800 JavaThread "jar transforms Thread 176" [_thread_blocked, id=14004, stack(0x000000b2ec400000,0x000000b2ec500000)]
  0x000001cf6e9bd800 JavaThread "jar transforms Thread 177" [_thread_blocked, id=11576, stack(0x000000b2ec500000,0x000000b2ec600000)]
  0x000001cf6e9c3800 JavaThread "jar transforms Thread 178" [_thread_blocked, id=7808, stack(0x000000b2ec600000,0x000000b2ec700000)]
  0x000001cf6e9c0000 JavaThread "jar transforms Thread 179" [_thread_blocked, id=14280, stack(0x000000b2ec700000,0x000000b2ec800000)]
  0x000001cf6e9be800 JavaThread "jar transforms Thread 180" [_thread_blocked, id=11348, stack(0x000000b2ec800000,0x000000b2ec900000)]
  0x000001cf6e9bf000 JavaThread "jar transforms Thread 181" [_thread_blocked, id=6156, stack(0x000000b2ec900000,0x000000b2eca00000)]
  0x000001cf6a581000 JavaThread "jar transforms Thread 182" [_thread_blocked, id=9832, stack(0x000000b2eca00000,0x000000b2ecb00000)]
  0x000001cf6a581800 JavaThread "jar transforms Thread 183" [_thread_blocked, id=12444, stack(0x000000b2ecb00000,0x000000b2ecc00000)]
  0x000001cf6a57f000 JavaThread "jar transforms Thread 184" [_thread_blocked, id=15272, stack(0x000000b2ecc00000,0x000000b2ecd00000)]
  0x000001cf6a57e800 JavaThread "Handler for socket connection from /127.0.0.1:64654 to /127.0.0.1:49200" [_thread_in_native, id=13192, stack(0x000000b2e4700000,0x000000b2e4800000)]
  0x000001cf6a580000 JavaThread "Cancel handler" [_thread_blocked, id=5004, stack(0x000000b2e5900000,0x000000b2e5a00000)]
  0x000001cf6a57c000 JavaThread "Asynchronous log dispatcher for DefaultDaemonConnection: socket connection from /127.0.0.1:64654 to /127.0.0.1:49200" [_thread_blocked, id=2860, stack(0x000000b2e6000000,0x000000b2e6100000)]
  0x000001cf6a582800 JavaThread "Stdin handler" [_thread_blocked, id=12332, stack(0x000000b2e6100000,0x000000b2e6200000)]
  0x000001cf6a57c800 JavaThread "Thread-234" [_thread_blocked, id=13364, stack(0x000000b2e6200000,0x000000b2e6300000)]
  0x000001cf6a583000 JavaThread "Cache worker for file hash cache (E:\code\BaiTapOTruong\ltMobile\AppTinTheThao_Java\.gradle\6.5\fileHashes)" [_thread_blocked, id=3572, stack(0x000000b2e6300000,0x000000b2e6400000)]
  0x000001cf6a57d800 JavaThread "Cache worker for checksums cache (E:\code\BaiTapOTruong\ltMobile\AppTinTheThao_Java\.gradle\checksums)" [_thread_blocked, id=2984, stack(0x000000b2e6400000,0x000000b2e6500000)]
  0x000001cf6a585800 JavaThread "Cache worker for cache directory md-supplier (C:\Users\DELL\.gradle\caches\6.5\md-supplier)" [_thread_blocked, id=7524, stack(0x000000b2e6500000,0x000000b2e6600000)]
  0x000001cf6a584000 JavaThread "Cache worker for cache directory md-rule (C:\Users\DELL\.gradle\caches\6.5\md-rule)" [_thread_blocked, id=13616, stack(0x000000b2e6600000,0x000000b2e6700000)]
  0x000001cf6a586800 JavaThread "Build operations" [_thread_blocked, id=2380, stack(0x000000b2e6b00000,0x000000b2e6c00000)]
  0x000001cf6a587800 JavaThread "Build operations Thread 2" [_thread_blocked, id=9772, stack(0x000000b2e6c00000,0x000000b2e6d00000)]
  0x000001cf6a58a000 JavaThread "Build operations Thread 3" [_thread_blocked, id=15340, stack(0x000000b2e6d00000,0x000000b2e6e00000)]
  0x000001cf6a588000 JavaThread "Build operations Thread 4" [_thread_blocked, id=13008, stack(0x000000b2e6e00000,0x000000b2e6f00000)]
  0x000001cf6a58a800 JavaThread "Cache worker for Build Output Cleanup Cache (E:\code\BaiTapOTruong\ltMobile\AppTinTheThao_Java\.gradle\buildOutputCleanup)" [_thread_blocked, id=1600, stack(0x000000b2ece00000,0x000000b2ecf00000)]
  0x000001cf6a585000 JavaThread "pool-4-thread-1" [_thread_blocked, id=1844, stack(0x000000b2ecf00000,0x000000b2ed000000)]
  0x000001cf6f278000 JavaThread "Cache worker for file content cache (E:\code\BaiTapOTruong\ltMobile\AppTinTheThao_Java\.gradle\6.5\fileContent)" [_thread_blocked, id=14344, stack(0x000000b2ed000000,0x000000b2ed100000)]
  0x000001cf6f27e000 JavaThread "Execution worker for ':'" [_thread_in_native, id=15324, stack(0x000000b2ed100000,0x000000b2ed200000)]
  0x000001cf6f27b800 JavaThread "Execution worker for ':' Thread 2" [_thread_blocked, id=9960, stack(0x000000b2ed200000,0x000000b2ed300000)]
  0x000001cf6f27a800 JavaThread "Execution worker for ':' Thread 3" [_thread_blocked, id=13612, stack(0x000000b2ed300000,0x000000b2ed400000)]
  0x000001cf6f27e800 JavaThread "Cache worker for execution history cache (E:\code\BaiTapOTruong\ltMobile\AppTinTheThao_Java\.gradle\6.5\executionHistory)" [_thread_blocked, id=12844, stack(0x000000b2ed500000,0x000000b2ed600000)]

Other Threads:
  0x000001cf6925c000 VMThread "VM Thread" [stack: 0x000000b2e4e00000,0x000000b2e4f00000] [id=15244]
  0x000001cf69d32000 WatcherThread [stack: 0x000000b2e5800000,0x000000b2e5900000] [id=13588]
  0x000001cf4f814000 GCTaskThread "GC Thread#0" [stack: 0x000000b2e4900000,0x000000b2e4a00000] [id=8156]
  0x000001cf6a04c800 GCTaskThread "GC Thread#1" [stack: 0x000000b2e5a00000,0x000000b2e5b00000] [id=8204]
  0x000001cf6a04d000 GCTaskThread "GC Thread#2" [stack: 0x000000b2e5b00000,0x000000b2e5c00000] [id=256]
  0x000001cf6ad30000 GCTaskThread "GC Thread#3" [stack: 0x000000b2e6700000,0x000000b2e6800000] [id=2628]
  0x000001cf4f848000 ConcurrentGCThread "G1 Main Marker" [stack: 0x000000b2e4a00000,0x000000b2e4b00000] [id=6640]
  0x000001cf4f849000 ConcurrentGCThread "G1 Conc#0" [stack: 0x000000b2e4b00000,0x000000b2e4c00000] [id=388]
  0x000001cf4f8d3000 ConcurrentGCThread "G1 Refine#0" [stack: 0x000000b2e4c00000,0x000000b2e4d00000] [id=9096]
  0x000001cf6c7f8000 ConcurrentGCThread "G1 Refine#1" [stack: 0x000000b2ed600000,0x000000b2ed700000] [id=14092]
  0x000001cf4f8d4800 ConcurrentGCThread "G1 Young RemSet Sampling" [stack: 0x000000b2e4d00000,0x000000b2e4e00000] [id=5028]

Threads with active compile tasks:
C2 CompilerThread05505320 14358 %     4       sun.nio.cs.UTF_8$Decoder::decodeArrayLoop @ 73 (691 bytes)

VM state:not at safepoint (normal execution)

VM Mutex/Monitor currently owned by a thread: None

Heap address: 0x0000000080000000, size: 2048 MB, Compressed Oops mode: 32-bit
Narrow klass base: 0x0000000000000000, Narrow klass shift: 3
Compressed class space size: 1073741824 Address: 0x0000000100000000

Heap:
 garbage-first heap   total 187392K, used 116486K [0x0000000080000000, 0x0000000100000000)
  region size 1024K, 8 young (8192K), 6 survivors (6144K)
 Metaspace       used 106143K, capacity 108387K, committed 109024K, reserved 1150976K
  class space    used 13102K, capacity 13879K, committed 14132K, reserved 1048576K
Heap Regions: E=young(eden), S=young(survivor), O=old, HS=humongous(starts), HC=humongous(continues), CS=collection set, F=free, A=archive, TAMS=top-at-mark-start (previous, next)
|   0|0x0000000080000000, 0x0000000080100000, 0x0000000080100000|100%| O|  |TAMS 0x0000000080100000, 0x0000000080000000| Untracked 
|   1|0x0000000080100000, 0x0000000080200000, 0x0000000080200000|100%| O|  |TAMS 0x0000000080200000, 0x0000000080100000| Untracked 
|   2|0x0000000080200000, 0x0000000080300000, 0x0000000080300000|100%| O|  |TAMS 0x0000000080300000, 0x0000000080200000| Untracked 
|   3|0x0000000080300000, 0x0000000080400000, 0x0000000080400000|100%|HS|  |TAMS 0x0000000080400000, 0x0000000080300000| Complete 
|   4|0x0000000080400000, 0x0000000080500000, 0x0000000080500000|100%|HC|  |TAMS 0x0000000080500000, 0x0000000080400000| Complete 
|   5|0x0000000080500000, 0x0000000080600000, 0x0000000080600000|100%|HC|  |TAMS 0x0000000080600000, 0x0000000080500000| Complete 
|   6|0x0000000080600000, 0x0000000080700000, 0x0000000080700000|100%| O|  |TAMS 0x0000000080700000, 0x0000000080600000| Complete 
|   7|0x0000000080700000, 0x0000000080800000, 0x0000000080800000|100%| O|  |TAMS 0x0000000080800000, 0x0000000080700000| Complete 
|   8|0x0000000080800000, 0x0000000080900000, 0x0000000080900000|100%| O|  |TAMS 0x0000000080900000, 0x0000000080800000| Untracked 
|   9|0x0000000080900000, 0x0000000080a00000, 0x0000000080a00000|100%| O|  |TAMS 0x0000000080a00000, 0x0000000080900000| Untracked 
|  10|0x0000000080a00000, 0x0000000080b00000, 0x0000000080b00000|100%| O|  |TAMS 0x0000000080b00000, 0x0000000080a00000| Untracked 
|  11|0x0000000080b00000, 0x0000000080c00000, 0x0000000080c00000|100%| O|  |TAMS 0x0000000080c00000, 0x0000000080b00000| Untracked 
|  12|0x0000000080c00000, 0x0000000080d00000, 0x0000000080d00000|100%| O|  |TAMS 0x0000000080d00000, 0x0000000080c00000| Untracked 
|  13|0x0000000080d00000, 0x0000000080e00000, 0x0000000080e00000|100%|HS|  |TAMS 0x0000000080e00000, 0x0000000080d00000| Complete 
|  14|0x0000000080e00000, 0x0000000080f00000, 0x0000000080f00000|100%|HC|  |TAMS 0x0000000080f00000, 0x0000000080e00000| Complete 
|  15|0x0000000080f00000, 0x0000000081000000, 0x0000000081000000|100%|HS|  |TAMS 0x0000000081000000, 0x0000000080f00000| Complete 
|  16|0x0000000081000000, 0x0000000081100000, 0x0000000081100000|100%|HC|  |TAMS 0x0000000081100000, 0x0000000081000000| Complete 
|  17|0x0000000081100000, 0x0000000081200000, 0x0000000081200000|100%|HC|  |TAMS 0x0000000081200000, 0x0000000081100000| Complete 
|  18|0x0000000081200000, 0x0000000081300000, 0x0000000081300000|100%|HS|  |TAMS 0x0000000081300000, 0x0000000081200000| Complete 
|  19|0x0000000081300000, 0x0000000081400000, 0x0000000081400000|100%|HC|  |TAMS 0x0000000081400000, 0x0000000081300000| Complete 
|  20|0x0000000081400000, 0x0000000081500000, 0x0000000081500000|100%|HC|  |TAMS 0x0000000081500000, 0x0000000081400000| Complete 
|  21|0x0000000081500000, 0x0000000081600000, 0x0000000081600000|100%|HC|  |TAMS 0x0000000081600000, 0x0000000081500000| Complete 
|  22|0x0000000081600000, 0x0000000081700000, 0x0000000081700000|100%| O|  |TAMS 0x0000000081700000, 0x0000000081600000| Complete 
|  23|0x0000000081700000, 0x0000000081800000, 0x0000000081800000|100%| O|  |TAMS 0x0000000081800000, 0x0000000081700000| Complete 
|  24|0x0000000081800000, 0x0000000081900000, 0x0000000081900000|100%| O|  |TAMS 0x0000000081900000, 0x0000000081800000| Complete 
|  25|0x0000000081900000, 0x0000000081a00000, 0x0000000081a00000|100%|HS|  |TAMS 0x0000000081a00000, 0x0000000081900000| Complete 
|  26|0x0000000081a00000, 0x0000000081b00000, 0x0000000081b00000|100%|HS|  |TAMS 0x0000000081b00000, 0x0000000081a00000| Complete 
|  27|0x0000000081b00000, 0x0000000081c00000, 0x0000000081c00000|100%|HC|  |TAMS 0x0000000081c00000, 0x0000000081b00000| Complete 
|  28|0x0000000081c00000, 0x0000000081d00000, 0x0000000081d00000|100%| O|  |TAMS 0x0000000081d00000, 0x0000000081c00000| Untracked 
|  29|0x0000000081d00000, 0x0000000081e00000, 0x0000000081e00000|100%| O|  |TAMS 0x0000000081e00000, 0x0000000081d00000| Complete 
|  30|0x0000000081e00000, 0x0000000081f00000, 0x0000000081f00000|100%| O|  |TAMS 0x0000000081f00000, 0x0000000081e00000| Untracked 
|  31|0x0000000081f00000, 0x0000000082000000, 0x0000000082000000|100%| O|  |TAMS 0x0000000082000000, 0x0000000081f00000| Complete 
|  32|0x0000000082000000, 0x0000000082100000, 0x0000000082100000|100%| O|  |TAMS 0x0000000082100000, 0x0000000082000000| Complete 
|  33|0x0000000082100000, 0x0000000082200000, 0x0000000082200000|100%| O|  |TAMS 0x0000000082200000, 0x0000000082100000| Complete 
|  34|0x0000000082200000, 0x0000000082300000, 0x0000000082300000|100%| O|  |TAMS 0x0000000082300000, 0x0000000082200000| Complete 
|  35|0x0000000082300000, 0x0000000082400000, 0x0000000082400000|100%| O|  |TAMS 0x0000000082400000, 0x0000000082300000| Complete 
|  36|0x0000000082400000, 0x0000000082500000, 0x0000000082500000|100%| O|  |TAMS 0x0000000082500000, 0x0000000082400000| Complete 
|  37|0x0000000082500000, 0x0000000082500000, 0x0000000082600000|  0%| F|  |TAMS 0x0000000082500000, 0x0000000082500000| Untracked 
|  38|0x0000000082600000, 0x0000000082600000, 0x0000000082700000|  0%| F|  |TAMS 0x0000000082600000, 0x0000000082600000| Untracked 
|  39|0x0000000082700000, 0x0000000082800000, 0x0000000082800000|100%|HS|  |TAMS 0x0000000082700000, 0x0000000082700000| Complete 
|  40|0x0000000082800000, 0x0000000082900000, 0x0000000082900000|100%| O|  |TAMS 0x0000000082900000, 0x0000000082800000| Untracked 
|  41|0x0000000082900000, 0x0000000082a00000, 0x0000000082a00000|100%| O|  |TAMS 0x0000000082a00000, 0x0000000082900000| Complete 
|  42|0x0000000082a00000, 0x0000000082b00000, 0x0000000082b00000|100%| O|  |TAMS 0x0000000082b00000, 0x0000000082a00000| Complete 
|  43|0x0000000082b00000, 0x0000000082c00000, 0x0000000082c00000|100%| O|  |TAMS 0x0000000082c00000, 0x0000000082b00000| Untracked 
|  44|0x0000000082c00000, 0x0000000082d00000, 0x0000000082d00000|100%| O|  |TAMS 0x0000000082d00000, 0x0000000082c00000| Untracked 
|  45|0x0000000082d00000, 0x0000000082e00000, 0x0000000082e00000|100%| O|  |TAMS 0x0000000082e00000, 0x0000000082d00000| Complete 
|  46|0x0000000082e00000, 0x0000000082f00000, 0x0000000082f00000|100%| O|  |TAMS 0x0000000082f00000, 0x0000000082e00000| Untracked 
|  47|0x0000000082f00000, 0x0000000083000000, 0x0000000083000000|100%| O|  |TAMS 0x0000000083000000, 0x0000000082f00000| Untracked 
|  48|0x0000000083000000, 0x0000000083100000, 0x0000000083100000|100%| O|  |TAMS 0x0000000083100000, 0x0000000083000000| Untracked 
|  49|0x0000000083100000, 0x0000000083200000, 0x0000000083200000|100%| O|  |TAMS 0x0000000083200000, 0x0000000083100000| Complete 
|  50|0x0000000083200000, 0x0000000083300000, 0x0000000083300000|100%| O|  |TAMS 0x0000000083300000, 0x0000000083200000| Complete 
|  51|0x0000000083300000, 0x0000000083400000, 0x0000000083400000|100%| O|  |TAMS 0x0000000083400000, 0x0000000083300000| Untracked 
|  52|0x0000000083400000, 0x0000000083500000, 0x0000000083500000|100%| O|  |TAMS 0x0000000083500000, 0x0000000083400000| Complete 
|  53|0x0000000083500000, 0x0000000083600000, 0x0000000083600000|100%| O|  |TAMS 0x0000000083600000, 0x0000000083500000| Complete 
|  54|0x0000000083600000, 0x0000000083700000, 0x0000000083700000|100%| O|  |TAMS 0x0000000083700000, 0x0000000083600000| Complete 
|  55|0x0000000083700000, 0x0000000083800000, 0x0000000083800000|100%| O|  |TAMS 0x0000000083800000, 0x0000000083700000| Complete 
|  56|0x0000000083800000, 0x0000000083900000, 0x0000000083900000|100%| O|  |TAMS 0x0000000083900000, 0x0000000083800000| Complete 
|  57|0x0000000083900000, 0x0000000083a00000, 0x0000000083a00000|100%| O|  |TAMS 0x0000000083a00000, 0x0000000083900000| Untracked 
|  58|0x0000000083a00000, 0x0000000083b00000, 0x0000000083b00000|100%| O|  |TAMS 0x0000000083b00000, 0x0000000083a00000| Untracked 
|  59|0x0000000083b00000, 0x0000000083c00000, 0x0000000083c00000|100%| O|  |TAMS 0x0000000083c00000, 0x0000000083b00000| Untracked 
|  60|0x0000000083c00000, 0x0000000083d00000, 0x0000000083d00000|100%| O|  |TAMS 0x0000000083c00000, 0x0000000083c00000| Untracked 
|  61|0x0000000083d00000, 0x0000000083e00000, 0x0000000083e00000|100%| O|  |TAMS 0x0000000083e00000, 0x0000000083d00000| Untracked 
|  62|0x0000000083e00000, 0x0000000083f00000, 0x0000000083f00000|100%| O|  |TAMS 0x0000000083f00000, 0x0000000083e00000| Complete 
|  63|0x0000000083f00000, 0x0000000084000000, 0x0000000084000000|100%| O|  |TAMS 0x0000000084000000, 0x0000000083f00000| Untracked 
|  64|0x0000000084000000, 0x0000000084100000, 0x0000000084100000|100%| O|  |TAMS 0x0000000084100000, 0x0000000084000000| Untracked 
|  65|0x0000000084100000, 0x0000000084200000, 0x0000000084200000|100%| O|  |TAMS 0x0000000084200000, 0x0000000084100000| Untracked 
|  66|0x0000000084200000, 0x0000000084300000, 0x0000000084300000|100%| O|  |TAMS 0x0000000084300000, 0x0000000084200000| Untracked 
|  67|0x0000000084300000, 0x0000000084400000, 0x0000000084400000|100%| O|  |TAMS 0x0000000084400000, 0x0000000084300000| Untracked 
|  68|0x0000000084400000, 0x0000000084500000, 0x0000000084500000|100%| O|  |TAMS 0x0000000084500000, 0x0000000084400000| Complete 
|  69|0x0000000084500000, 0x0000000084600000, 0x0000000084600000|100%| O|  |TAMS 0x0000000084600000, 0x0000000084500000| Untracked 
|  70|0x0000000084600000, 0x0000000084700000, 0x0000000084700000|100%| O|  |TAMS 0x0000000084700000, 0x0000000084600000| Untracked 
|  71|0x0000000084700000, 0x0000000084800000, 0x0000000084800000|100%| O|  |TAMS 0x0000000084800000, 0x0000000084700000| Untracked 
|  72|0x0000000084800000, 0x0000000084900000, 0x0000000084900000|100%| O|  |TAMS 0x0000000084900000, 0x0000000084800000| Untracked 
|  73|0x0000000084900000, 0x0000000084a00000, 0x0000000084a00000|100%| O|  |TAMS 0x0000000084a00000, 0x0000000084900000| Untracked 
|  74|0x0000000084a00000, 0x0000000084b00000, 0x0000000084b00000|100%| O|  |TAMS 0x0000000084a00000, 0x0000000084a00000| Untracked 
|  75|0x0000000084b00000, 0x0000000084c00000, 0x0000000084c00000|100%| O|  |TAMS 0x0000000084b00000, 0x0000000084b00000| Untracked 
|  76|0x0000000084c00000, 0x0000000084d00000, 0x0000000084d00000|100%| O|  |TAMS 0x0000000084c00000, 0x0000000084c00000| Untracked 
|  77|0x0000000084d00000, 0x0000000084e00000, 0x0000000084e00000|100%| O|  |TAMS 0x0000000084e00000, 0x0000000084d00000| Complete 
|  78|0x0000000084e00000, 0x0000000084f00000, 0x0000000084f00000|100%| O|  |TAMS 0x0000000084f00000, 0x0000000084e00000| Complete 
|  79|0x0000000084f00000, 0x0000000085000000, 0x0000000085000000|100%| O|  |TAMS 0x0000000085000000, 0x0000000084f00000| Untracked 
|  80|0x0000000085000000, 0x0000000085100000, 0x0000000085100000|100%| O|  |TAMS 0x0000000085100000, 0x0000000085000000| Complete 
|  81|0x0000000085100000, 0x0000000085200000, 0x0000000085200000|100%| O|  |TAMS 0x0000000085200000, 0x0000000085100000| Untracked 
|  82|0x0000000085200000, 0x0000000085300000, 0x0000000085300000|100%| O|  |TAMS 0x0000000085300000, 0x0000000085200000| Complete 
|  83|0x0000000085300000, 0x0000000085400000, 0x0000000085400000|100%| O|  |TAMS 0x0000000085400000, 0x0000000085300000| Untracked 
|  84|0x0000000085400000, 0x0000000085500000, 0x0000000085500000|100%| O|  |TAMS 0x0000000085500000, 0x0000000085400000| Untracked 
|  85|0x0000000085500000, 0x0000000085600000, 0x0000000085600000|100%| O|  |TAMS 0x0000000085600000, 0x0000000085500000| Untracked 
|  86|0x0000000085600000, 0x0000000085700000, 0x0000000085700000|100%| O|  |TAMS 0x0000000085700000, 0x0000000085600000| Untracked 
|  87|0x0000000085700000, 0x0000000085800000, 0x0000000085800000|100%| O|  |TAMS 0x0000000085800000, 0x0000000085700000| Complete 
|  88|0x0000000085800000, 0x0000000085900000, 0x0000000085900000|100%| O|  |TAMS 0x0000000085900000, 0x0000000085800000| Complete 
|  89|0x0000000085900000, 0x0000000085a00000, 0x0000000085a00000|100%| O|  |TAMS 0x0000000085900000, 0x0000000085900000| Untracked 
|  90|0x0000000085a00000, 0x0000000085b00000, 0x0000000085b00000|100%| O|  |TAMS 0x0000000085b00000, 0x0000000085a00000| Complete 
|  91|0x0000000085b00000, 0x0000000085c00000, 0x0000000085c00000|100%| O|  |TAMS 0x0000000085b00000, 0x0000000085b00000| Untracked 
|  92|0x0000000085c00000, 0x0000000085d00000, 0x0000000085d00000|100%| O|  |TAMS 0x0000000085d00000, 0x0000000085c00000| Untracked 
|  93|0x0000000085d00000, 0x0000000085e00000, 0x0000000085e00000|100%| O|  |TAMS 0x0000000085e00000, 0x0000000085d00000| Complete 
|  94|0x0000000085e00000, 0x0000000085f00000, 0x0000000085f00000|100%| O|  |TAMS 0x0000000085f00000, 0x0000000085e00000| Untracked 
|  95|0x0000000085f00000, 0x0000000086000000, 0x0000000086000000|100%| O|  |TAMS 0x0000000086000000, 0x0000000085f00000| Complete 
|  96|0x0000000086000000, 0x0000000086100000, 0x0000000086100000|100%| O|  |TAMS 0x0000000086100000, 0x0000000086000000| Untracked 
|  97|0x0000000086100000, 0x0000000086200000, 0x0000000086200000|100%| O|  |TAMS 0x0000000086200000, 0x0000000086100000| Complete 
|  98|0x0000000086200000, 0x0000000086300000, 0x0000000086300000|100%| O|  |TAMS 0x0000000086300000, 0x0000000086200000| Untracked 
|  99|0x0000000086300000, 0x0000000086400000, 0x0000000086400000|100%| O|  |TAMS 0x0000000086400000, 0x0000000086300000| Untracked 
| 100|0x0000000086400000, 0x0000000086500000, 0x0000000086500000|100%| O|  |TAMS 0x0000000086500000, 0x0000000086400000| Untracked 
| 101|0x0000000086500000, 0x0000000086600000, 0x0000000086600000|100%| O|  |TAMS 0x0000000086600000, 0x0000000086500000| Untracked 
| 102|0x0000000086600000, 0x0000000086700000, 0x0000000086700000|100%| O|  |TAMS 0x0000000086700000, 0x0000000086600000| Untracked 
| 103|0x0000000086700000, 0x0000000086800000, 0x0000000086800000|100%| O|  |TAMS 0x0000000086800000, 0x0000000086700000| Complete 
| 104|0x0000000086800000, 0x0000000086900000, 0x0000000086900000|100%| O|  |TAMS 0x0000000086900000, 0x0000000086800000| Complete 
| 105|0x0000000086900000, 0x0000000086a00000, 0x0000000086a00000|100%| O|  |TAMS 0x0000000086a00000, 0x0000000086900000| Complete 
| 106|0x0000000086a00000, 0x0000000086b00000, 0x0000000086b00000|100%| O|  |TAMS 0x0000000086b00000, 0x0000000086a00000| Complete 
| 107|0x0000000086b00000, 0x0000000086c00000, 0x0000000086c00000|100%| O|  |TAMS 0x0000000086b00000, 0x0000000086b00000| Untracked 
| 108|0x0000000086c00000, 0x0000000086cc1800, 0x0000000086d00000| 75%| O|  |TAMS 0x0000000086c00000, 0x0000000086c00000| Untracked 
| 109|0x0000000086d00000, 0x0000000086d00000, 0x0000000086e00000|  0%| F|  |TAMS 0x0000000086d00000, 0x0000000086d00000| Untracked 
| 110|0x0000000086e00000, 0x0000000086e00000, 0x0000000086f00000|  0%| F|  |TAMS 0x0000000086e00000, 0x0000000086e00000| Untracked 
| 111|0x0000000086f00000, 0x0000000086f00000, 0x0000000087000000|  0%| F|  |TAMS 0x0000000086f00000, 0x0000000086f00000| Untracked 
| 112|0x0000000087000000, 0x0000000087000000, 0x0000000087100000|  0%| F|  |TAMS 0x0000000087000000, 0x0000000087000000| Untracked 
| 113|0x0000000087100000, 0x0000000087100000, 0x0000000087200000|  0%| F|  |TAMS 0x0000000087100000, 0x0000000087100000| Untracked 
| 114|0x0000000087200000, 0x0000000087200000, 0x0000000087300000|  0%| F|  |TAMS 0x0000000087200000, 0x0000000087200000| Untracked 
| 115|0x0000000087300000, 0x0000000087300000, 0x0000000087400000|  0%| F|  |TAMS 0x0000000087300000, 0x0000000087300000| Untracked 
| 116|0x0000000087400000, 0x0000000087400000, 0x0000000087500000|  0%| F|  |TAMS 0x0000000087400000, 0x0000000087400000| Untracked 
| 117|0x0000000087500000, 0x0000000087500000, 0x0000000087600000|  0%| F|  |TAMS 0x0000000087500000, 0x0000000087500000| Untracked 
| 118|0x0000000087600000, 0x0000000087600000, 0x0000000087700000|  0%| F|  |TAMS 0x0000000087600000, 0x0000000087600000| Untracked 
| 119|0x0000000087700000, 0x0000000087700000, 0x0000000087800000|  0%| F|  |TAMS 0x0000000087700000, 0x0000000087700000| Untracked 
| 120|0x0000000087800000, 0x0000000087800000, 0x0000000087900000|  0%| F|  |TAMS 0x0000000087800000, 0x0000000087800000| Untracked 
| 121|0x0000000087900000, 0x0000000087900000, 0x0000000087a00000|  0%| F|  |TAMS 0x0000000087900000, 0x0000000087900000| Untracked 
| 122|0x0000000087a00000, 0x0000000087a00000, 0x0000000087b00000|  0%| F|  |TAMS 0x0000000087a00000, 0x0000000087a00000| Untracked 
| 123|0x0000000087b00000, 0x0000000087b00000, 0x0000000087c00000|  0%| F|  |TAMS 0x0000000087b00000, 0x0000000087b00000| Untracked 
| 124|0x0000000087c00000, 0x0000000087c00000, 0x0000000087d00000|  0%| F|  |TAMS 0x0000000087c00000, 0x0000000087c00000| Untracked 
| 125|0x0000000087d00000, 0x0000000087d00000, 0x0000000087e00000|  0%| F|  |TAMS 0x0000000087d00000, 0x0000000087d00000| Untracked 
| 126|0x0000000087e00000, 0x0000000087e00000, 0x0000000087f00000|  0%| F|  |TAMS 0x0000000087e00000, 0x0000000087e00000| Untracked 
| 127|0x0000000087f00000, 0x0000000087f00000, 0x0000000088000000|  0%| F|  |TAMS 0x0000000087f00000, 0x0000000087f00000| Untracked 
| 128|0x0000000088000000, 0x0000000088000000, 0x0000000088100000|  0%| F|  |TAMS 0x0000000088000000, 0x0000000088000000| Untracked 
| 129|0x0000000088100000, 0x0000000088100000, 0x0000000088200000|  0%| F|  |TAMS 0x0000000088100000, 0x0000000088100000| Untracked 
| 130|0x0000000088200000, 0x0000000088200000, 0x0000000088300000|  0%| F|  |TAMS 0x0000000088200000, 0x0000000088200000| Untracked 
| 131|0x0000000088300000, 0x0000000088300000, 0x0000000088400000|  0%| F|  |TAMS 0x0000000088300000, 0x0000000088300000| Untracked 
| 132|0x0000000088400000, 0x0000000088400000, 0x0000000088500000|  0%| F|  |TAMS 0x0000000088400000, 0x0000000088400000| Untracked 
| 133|0x0000000088500000, 0x0000000088500000, 0x0000000088600000|  0%| F|  |TAMS 0x0000000088500000, 0x0000000088500000| Untracked 
| 134|0x0000000088600000, 0x0000000088600000, 0x0000000088700000|  0%| F|  |TAMS 0x0000000088600000, 0x0000000088600000| Untracked 
| 135|0x0000000088700000, 0x0000000088700000, 0x0000000088800000|  0%| F|  |TAMS 0x0000000088700000, 0x0000000088700000| Untracked 
| 136|0x0000000088800000, 0x0000000088800000, 0x0000000088900000|  0%| F|  |TAMS 0x0000000088800000, 0x0000000088800000| Untracked 
| 137|0x0000000088900000, 0x0000000088a00000, 0x0000000088a00000|100%| S|CS|TAMS 0x0000000088900000, 0x0000000088900000| Complete 
| 138|0x0000000088a00000, 0x0000000088b00000, 0x0000000088b00000|100%| S|CS|TAMS 0x0000000088a00000, 0x0000000088a00000| Complete 
| 139|0x0000000088b00000, 0x0000000088c00000, 0x0000000088c00000|100%| S|CS|TAMS 0x0000000088b00000, 0x0000000088b00000| Complete 
| 140|0x0000000088c00000, 0x0000000088d00000, 0x0000000088d00000|100%| S|CS|TAMS 0x0000000088c00000, 0x0000000088c00000| Complete 
| 141|0x0000000088d00000, 0x0000000088e00000, 0x0000000088e00000|100%| S|CS|TAMS 0x0000000088d00000, 0x0000000088d00000| Complete 
| 142|0x0000000088e00000, 0x0000000088f00000, 0x0000000088f00000|100%| S|CS|TAMS 0x0000000088e00000, 0x0000000088e00000| Complete 
| 143|0x0000000088f00000, 0x0000000088f00000, 0x0000000089000000|  0%| F|  |TAMS 0x0000000088f00000, 0x0000000088f00000| Untracked 
| 144|0x0000000089000000, 0x0000000089000000, 0x0000000089100000|  0%| F|  |TAMS 0x0000000089000000, 0x0000000089000000| Untracked 
| 145|0x0000000089100000, 0x0000000089100000, 0x0000000089200000|  0%| F|  |TAMS 0x0000000089100000, 0x0000000089100000| Untracked 
| 146|0x0000000089200000, 0x0000000089200000, 0x0000000089300000|  0%| F|  |TAMS 0x0000000089200000, 0x0000000089200000| Untracked 
| 147|0x0000000089300000, 0x0000000089300000, 0x0000000089400000|  0%| F|  |TAMS 0x0000000089300000, 0x0000000089300000| Untracked 
| 148|0x0000000089400000, 0x0000000089400000, 0x0000000089500000|  0%| F|  |TAMS 0x0000000089400000, 0x0000000089400000| Untracked 
| 149|0x0000000089500000, 0x0000000089500000, 0x0000000089600000|  0%| F|  |TAMS 0x0000000089500000, 0x0000000089500000| Untracked 
| 150|0x0000000089600000, 0x0000000089600000, 0x0000000089700000|  0%| F|  |TAMS 0x0000000089600000, 0x0000000089600000| Untracked 
| 151|0x0000000089700000, 0x0000000089700000, 0x0000000089800000|  0%| F|  |TAMS 0x0000000089700000, 0x0000000089700000| Untracked 
| 152|0x0000000089800000, 0x0000000089800000, 0x0000000089900000|  0%| F|  |TAMS 0x0000000089800000, 0x0000000089800000| Untracked 
| 153|0x0000000089900000, 0x0000000089900000, 0x0000000089a00000|  0%| F|  |TAMS 0x0000000089900000, 0x0000000089900000| Untracked 
| 154|0x0000000089a00000, 0x0000000089a00000, 0x0000000089b00000|  0%| F|  |TAMS 0x0000000089a00000, 0x0000000089a00000| Untracked 
| 155|0x0000000089b00000, 0x0000000089b00000, 0x0000000089c00000|  0%| F|  |TAMS 0x0000000089b00000, 0x0000000089b00000| Untracked 
| 156|0x0000000089c00000, 0x0000000089c00000, 0x0000000089d00000|  0%| F|  |TAMS 0x0000000089c00000, 0x0000000089c00000| Untracked 
| 157|0x0000000089d00000, 0x0000000089d00000, 0x0000000089e00000|  0%| F|  |TAMS 0x0000000089d00000, 0x0000000089d00000| Untracked 
| 158|0x0000000089e00000, 0x0000000089e00000, 0x0000000089f00000|  0%| F|  |TAMS 0x0000000089e00000, 0x0000000089e00000| Untracked 
| 159|0x0000000089f00000, 0x0000000089f00000, 0x000000008a000000|  0%| F|  |TAMS 0x0000000089f00000, 0x0000000089f00000| Untracked 
| 160|0x000000008a000000, 0x000000008a000000, 0x000000008a100000|  0%| F|  |TAMS 0x000000008a000000, 0x000000008a000000| Untracked 
| 161|0x000000008a100000, 0x000000008a100000, 0x000000008a200000|  0%| F|  |TAMS 0x000000008a100000, 0x000000008a100000| Untracked 
| 162|0x000000008a200000, 0x000000008a200000, 0x000000008a300000|  0%| F|  |TAMS 0x000000008a200000, 0x000000008a200000| Untracked 
| 163|0x000000008a300000, 0x000000008a300000, 0x000000008a400000|  0%| F|  |TAMS 0x000000008a300000, 0x000000008a300000| Untracked 
| 164|0x000000008a400000, 0x000000008a400000, 0x000000008a500000|  0%| F|  |TAMS 0x000000008a400000, 0x000000008a400000| Untracked 
| 165|0x000000008a500000, 0x000000008a500000, 0x000000008a600000|  0%| F|  |TAMS 0x000000008a500000, 0x000000008a500000| Untracked 
| 166|0x000000008a600000, 0x000000008a600000, 0x000000008a700000|  0%| F|  |TAMS 0x000000008a600000, 0x000000008a600000| Untracked 
| 167|0x000000008a700000, 0x000000008a700000, 0x000000008a800000|  0%| F|  |TAMS 0x000000008a700000, 0x000000008a700000| Untracked 
| 168|0x000000008a800000, 0x000000008a800000, 0x000000008a900000|  0%| F|  |TAMS 0x000000008a800000, 0x000000008a800000| Untracked 
| 169|0x000000008a900000, 0x000000008a900000, 0x000000008aa00000|  0%| F|  |TAMS 0x000000008a900000, 0x000000008a900000| Untracked 
| 170|0x000000008aa00000, 0x000000008aa00000, 0x000000008ab00000|  0%| F|  |TAMS 0x000000008aa00000, 0x000000008aa00000| Untracked 
| 171|0x000000008ab00000, 0x000000008ab00000, 0x000000008ac00000|  0%| F|  |TAMS 0x000000008ab00000, 0x000000008ab00000| Untracked 
| 172|0x000000008ac00000, 0x000000008ac00000, 0x000000008ad00000|  0%| F|  |TAMS 0x000000008ac00000, 0x000000008ac00000| Untracked 
| 173|0x000000008ad00000, 0x000000008ad00000, 0x000000008ae00000|  0%| F|  |TAMS 0x000000008ad00000, 0x000000008ad00000| Untracked 
| 174|0x000000008ae00000, 0x000000008ae00000, 0x000000008af00000|  0%| F|  |TAMS 0x000000008ae00000, 0x000000008ae00000| Untracked 
| 175|0x000000008af00000, 0x000000008af00000, 0x000000008b000000|  0%| F|  |TAMS 0x000000008af00000, 0x000000008af00000| Untracked 
| 176|0x000000008b000000, 0x000000008b000000, 0x000000008b100000|  0%| F|  |TAMS 0x000000008b000000, 0x000000008b000000| Untracked 
| 177|0x000000008b100000, 0x000000008b100000, 0x000000008b200000|  0%| F|  |TAMS 0x000000008b100000, 0x000000008b100000| Untracked 
| 178|0x000000008b200000, 0x000000008b200000, 0x000000008b300000|  0%| F|  |TAMS 0x000000008b200000, 0x000000008b200000| Untracked 
| 179|0x000000008b300000, 0x000000008b300000, 0x000000008b400000|  0%| F|  |TAMS 0x000000008b300000, 0x000000008b300000| Untracked 
| 180|0x000000008b400000, 0x000000008b400000, 0x000000008b500000|  0%| F|  |TAMS 0x000000008b400000, 0x000000008b400000| Untracked 
| 181|0x000000008b500000, 0x000000008b59d6d0, 0x000000008b600000| 61%| E|  |TAMS 0x000000008b500000, 0x000000008b500000| Complete 
| 182|0x000000008b600000, 0x000000008b700000, 0x000000008b700000|100%| E|CS|TAMS 0x000000008b600000, 0x000000008b600000| Complete 

Card table byte_map: [0x000001cf62580000,0x000001cf62980000] _byte_map_base: 0x000001cf62180000

Marking Bits (Prev, Next): (CMBitMap*) 0x000001cf4f83f110, (CMBitMap*) 0x000001cf4f83f0d8
 Prev Bits: [0x000001cf64d80000, 0x000001cf66d80000)
 Next Bits: [0x000001cf62d80000, 0x000001cf64d80000)

Polling page: 0x000001cf4d5a0000

Metaspace:

Usage:
  Non-class:     92.37 MB capacity,    90.89 MB ( 98%) used,     1.23 MB (  1%) free+waste,   253.56 KB ( <1%) overhead. 
      Class:     13.56 MB capacity,    12.80 MB ( 94%) used,   664.21 KB (  5%) free+waste,   111.75 KB ( <1%) overhead. 
       Both:    105.92 MB capacity,   103.69 MB ( 98%) used,     1.87 MB (  2%) free+waste,   365.31 KB ( <1%) overhead. 

Virtual space:
  Non-class space:      100.00 MB reserved,      92.67 MB ( 93%) committed 
      Class space:        1.00 GB reserved,      13.80 MB (  1%) committed 
             Both:        1.10 GB reserved,     106.47 MB (  9%) committed 

Chunk freelists:
   Non-Class:  246.00 KB
       Class:  167.00 KB
        Both:  413.00 KB

MaxMetaspaceSize: 17179869184.00 GB
CompressedClassSpaceSize: 1.00 GB

CodeHeap 'non-profiled nmethods': size=120064Kb used=9525Kb max_used=9525Kb free=110538Kb
 bounds [0x000001cf5ac40000, 0x000001cf5b590000, 0x000001cf62180000]
CodeHeap 'profiled nmethods': size=120000Kb used=31488Kb max_used=31488Kb free=88511Kb
 bounds [0x000001cf53710000, 0x000001cf555e0000, 0x000001cf5ac40000]
CodeHeap 'non-nmethods': size=5696Kb used=2333Kb max_used=2386Kb free=3362Kb
 bounds [0x000001cf53180000, 0x000001cf533f0000, 0x000001cf53710000]
 total_blobs=14605 nmethods=13653 adapters=862
 compilation: enabled
              stopped_count=0, restarted_count=0
 full_count=0

Compilation events (20 events):
Event: 5505.085 Thread 0x000001cf6927d000 nmethod 14348 0x000001cf555c2a10 code [0x000001cf555c2be0, 0x000001cf555c2f38]
Event: 5505.110 Thread 0x000001cf6927d000 14349       3       com.sun.xml.internal.stream.util.BufferAllocator::getCharBuffer (59 bytes)
Event: 5505.110 Thread 0x000001cf6927d000 nmethod 14349 0x000001cf555c3090 code [0x000001cf555c3240, 0x000001cf555c34b8]
Event: 5505.111 Thread 0x000001cf6927d000 14350       3       com.android.utils.PositionXmlParser$Position::<init> (20 bytes)
Event: 5505.111 Thread 0x000001cf6927d000 nmethod 14350 0x000001cf555c3590 code [0x000001cf555c3740, 0x000001cf555c3898]
Event: 5505.113 Thread 0x000001cf6927d000 14351   !   3       com.sun.org.apache.xerces.internal.impl.XMLDocumentScannerImpl$XMLDeclDriver::next (172 bytes)
Event: 5505.114 Thread 0x000001cf6926d800 14353       4       java.lang.StringUTF16::charAt (11 bytes)
Event: 5505.115 Thread 0x000001cf6927d000 nmethod 14351 0x000001cf555c3990 code [0x000001cf555c3c40, 0x000001cf555c49c8]
Event: 5505.115 Thread 0x000001cf6927d000 14352       3       com.android.utils.PositionXmlParser$DomBuilder::getCurrentPosition (262 bytes)
Event: 5505.115 Thread 0x000001cf6926d800 nmethod 14353 0x000001cf5b58d390 code [0x000001cf5b58d520, 0x000001cf5b58d598]
Event: 5505.116 Thread 0x000001cf6927d000 nmethod 14352 0x000001cf555c5190 code [0x000001cf555c5500, 0x000001cf555c6c98]
Event: 5505.116 Thread 0x000001cf6927d000 14354       3       com.sun.org.apache.xerces.internal.impl.XMLEntityScanner::scanContent (690 bytes)
Event: 5505.118 Thread 0x000001cf6927d000 nmethod 14354 0x000001cf555c7510 code [0x000001cf555c7820, 0x000001cf555c8ae8]
Event: 5505.118 Thread 0x000001cf6927d000 14355       3       com.android.utils.PositionXmlParser$DomBuilder::findOpeningTag (131 bytes)
Event: 5505.119 Thread 0x000001cf6927d000 nmethod 14355 0x000001cf555c9290 code [0x000001cf555c95c0, 0x000001cf555caab8]
Event: 5505.131 Thread 0x000001cf6927d000 14356       3       com.sun.org.apache.xerces.internal.impl.XMLDocumentFragmentScannerImpl::startEntity (137 bytes)
Event: 5505.132 Thread 0x000001cf6927d000 nmethod 14356 0x000001cf555cb390 code [0x000001cf555cb620, 0x000001cf555cc458]
Event: 5505.132 Thread 0x000001cf6927d000 14357   !   3       com.sun.org.apache.xerces.internal.impl.XMLDocumentScannerImpl$PrologDriver::next (1183 bytes)
Event: 5505.137 Thread 0x000001cf6927d000 nmethod 14357 0x000001cf555cc890 code [0x000001cf555ccf20, 0x000001cf555d1158]
Event: 5505.176 Thread 0x000001cf6926d800 14358 %     4       sun.nio.cs.UTF_8$Decoder::decodeArrayLoop @ 73 (691 bytes)

GC Heap History (20 events):
Event: 4007.892 GC heap before
{Heap before GC invocations=26 (full 0):
 garbage-first heap   total 187392K, used 138738K [0x0000000080000000, 0x0000000100000000)
  region size 1024K, 49 young (50176K), 2 survivors (2048K)
 Metaspace       used 103041K, capacity 105619K, committed 105952K, reserved 1140736K
  class space    used 12884K, capacity 13774K, committed 13876K, reserved 1048576K
}
Event: 4007.897 GC heap after
{Heap after GC invocations=27 (full 0):
 garbage-first heap   total 187392K, used 90709K [0x0000000080000000, 0x0000000100000000)
  region size 1024K, 3 young (3072K), 3 survivors (3072K)
 Metaspace       used 103041K, capacity 105619K, committed 105952K, reserved 1140736K
  class space    used 12884K, capacity 13774K, committed 13876K, reserved 1048576K
}
Event: 5490.520 GC heap before
{Heap before GC invocations=28 (full 0):
 garbage-first heap   total 187392K, used 140885K [0x0000000080000000, 0x0000000100000000)
  region size 1024K, 52 young (53248K), 3 survivors (3072K)
 Metaspace       used 102670K, capacity 104959K, committed 105952K, reserved 1140736K
  class space    used 12762K, capacity 13539K, committed 13876K, reserved 1048576K
}
Event: 5490.540 GC heap after
{Heap after GC invocations=29 (full 0):
 garbage-first heap   total 187392K, used 92212K [0x0000000080000000, 0x0000000100000000)
  region size 1024K, 4 young (4096K), 4 survivors (4096K)
 Metaspace       used 102670K, capacity 104959K, committed 105952K, reserved 1140736K
  class space    used 12762K, capacity 13539K, committed 13876K, reserved 1048576K
}
Event: 5490.784 GC heap before
{Heap before GC invocations=29 (full 0):
 garbage-first heap   total 187392K, used 97332K [0x0000000080000000, 0x0000000100000000)
  region size 1024K, 9 young (9216K), 4 survivors (4096K)
 Metaspace       used 102858K, capacity 105130K, committed 105952K, reserved 1140736K
  class space    used 12789K, capacity 13582K, committed 13876K, reserved 1048576K
}
Event: 5490.831 GC heap after
{Heap after GC invocations=30 (full 0):
 garbage-first heap   total 187392K, used 88438K [0x0000000080000000, 0x0000000100000000)
  region size 1024K, 2 young (2048K), 2 survivors (2048K)
 Metaspace       used 102858K, capacity 105130K, committed 105952K, reserved 1140736K
  class space    used 12789K, capacity 13582K, committed 13876K, reserved 1048576K
}
Event: 5493.659 GC heap before
{Heap before GC invocations=30 (full 0):
 garbage-first heap   total 187392K, used 140662K [0x0000000080000000, 0x0000000100000000)
  region size 1024K, 54 young (55296K), 2 survivors (2048K)
 Metaspace       used 104093K, capacity 106467K, committed 107104K, reserved 1142784K
  class space    used 12937K, capacity 13766K, committed 14004K, reserved 1048576K
}
Event: 5493.686 GC heap after
{Heap after GC invocations=31 (full 0):
 garbage-first heap   total 187392K, used 93639K [0x0000000080000000, 0x0000000100000000)
  region size 1024K, 7 young (7168K), 7 survivors (7168K)
 Metaspace       used 104093K, capacity 106467K, committed 107104K, reserved 1142784K
  class space    used 12937K, capacity 13766K, committed 14004K, reserved 1048576K
}
Event: 5497.439 GC heap before
{Heap before GC invocations=32 (full 0):
 garbage-first heap   total 187392K, used 143815K [0x0000000080000000, 0x0000000100000000)
  region size 1024K, 57 young (58368K), 7 survivors (7168K)
 Metaspace       used 104477K, capacity 106883K, committed 107360K, reserved 1142784K
  class space    used 12949K, capacity 13785K, committed 14004K, reserved 1048576K
}
Event: 5497.458 GC heap after
{Heap after GC invocations=33 (full 0):
 garbage-first heap   total 187392K, used 97980K [0x0000000080000000, 0x0000000100000000)
  region size 1024K, 5 young (5120K), 5 survivors (5120K)
 Metaspace       used 104477K, capacity 106883K, committed 107360K, reserved 1142784K
  class space    used 12949K, capacity 13785K, committed 14004K, reserved 1048576K
}
Event: 5497.508 GC heap before
{Heap before GC invocations=33 (full 0):
 garbage-first heap   total 187392K, used 101052K [0x0000000080000000, 0x0000000100000000)
  region size 1024K, 9 young (9216K), 5 survivors (5120K)
 Metaspace       used 104479K, capacity 106883K, committed 107360K, reserved 1142784K
  class space    used 12949K, capacity 13785K, committed 14004K, reserved 1048576K
}
Event: 5497.541 GC heap after
{Heap after GC invocations=34 (full 0):
 garbage-first heap   total 187392K, used 88201K [0x0000000080000000, 0x0000000100000000)
  region size 1024K, 1 young (1024K), 1 survivors (1024K)
 Metaspace       used 104479K, capacity 106883K, committed 107360K, reserved 1142784K
  class space    used 12949K, capacity 13785K, committed 14004K, reserved 1048576K
}
Event: 5498.082 GC heap before
{Heap before GC invocations=34 (full 0):
 garbage-first heap   total 187392K, used 113801K [0x0000000080000000, 0x0000000100000000)
  region size 1024K, 28 young (28672K), 1 survivors (1024K)
 Metaspace       used 104742K, capacity 107153K, committed 107616K, reserved 1142784K
  class space    used 12993K, capacity 13789K, committed 14004K, reserved 1048576K
}
Event: 5498.088 GC heap after
{Heap after GC invocations=35 (full 0):
 garbage-first heap   total 187392K, used 88422K [0x0000000080000000, 0x0000000100000000)
  region size 1024K, 2 young (2048K), 2 survivors (2048K)
 Metaspace       used 104742K, capacity 107153K, committed 107616K, reserved 1142784K
  class space    used 12993K, capacity 13789K, committed 14004K, reserved 1048576K
}
Event: 5503.181 GC heap before
{Heap before GC invocations=36 (full 0):
 garbage-first heap   total 187392K, used 144742K [0x0000000080000000, 0x0000000100000000)
  region size 1024K, 56 young (57344K), 2 survivors (2048K)
 Metaspace       used 105765K, capacity 108027K, committed 108768K, reserved 1144832K
  class space    used 13069K, capacity 13871K, committed 14132K, reserved 1048576K
}
Event: 5503.238 GC heap after
{Heap after GC invocations=37 (full 0):
 garbage-first heap   total 187392K, used 104448K [0x0000000080000000, 0x0000000100000000)
  region size 1024K, 7 young (7168K), 7 survivors (7168K)
 Metaspace       used 105765K, capacity 108027K, committed 108768K, reserved 1144832K
  class space    used 13069K, capacity 13871K, committed 14132K, reserved 1048576K
}
Event: 5503.299 GC heap before
{Heap before GC invocations=37 (full 0):
 garbage-first heap   total 187392K, used 106496K [0x0000000080000000, 0x0000000100000000)
  region size 1024K, 9 young (9216K), 7 survivors (7168K)
 Metaspace       used 105765K, capacity 108027K, committed 108768K, reserved 1144832K
  class space    used 13069K, capacity 13871K, committed 14132K, reserved 1048576K
}
Event: 5503.345 GC heap after
{Heap after GC invocations=38 (full 0):
 garbage-first heap   total 187392K, used 101376K [0x0000000080000000, 0x0000000100000000)
  region size 1024K, 1 young (1024K), 1 survivors (1024K)
 Metaspace       used 105765K, capacity 108027K, committed 108768K, reserved 1144832K
  class space    used 13069K, capacity 13871K, committed 14132K, reserved 1048576K
}
Event: 5503.660 GC heap before
{Heap before GC invocations=38 (full 0):
 garbage-first heap   total 187392K, used 113664K [0x0000000080000000, 0x0000000100000000)
  region size 1024K, 14 young (14336K), 1 survivors (1024K)
 Metaspace       used 105792K, capacity 108092K, committed 108768K, reserved 1144832K
  class space    used 13069K, capacity 13871K, committed 14132K, reserved 1048576K
}
Event: 5503.668 GC heap after
{Heap after GC invocations=39 (full 0):
 garbage-first heap   total 187392K, used 103739K [0x0000000080000000, 0x0000000100000000)
  region size 1024K, 4 young (4096K), 4 survivors (4096K)
 Metaspace       used 105792K, capacity 108092K, committed 108768K, reserved 1144832K
  class space    used 13069K, capacity 13871K, committed 14132K, reserved 1048576K
}

Deoptimization events (20 events):
Event: 5504.889 Thread 0x000001cf6f27e000 DEOPT PACKING pc=0x000001cf54e4c530 sp=0x000000b2ed1fa480
Event: 5504.889 Thread 0x000001cf6f27e000 DEOPT UNPACKING pc=0x000001cf531a72ce sp=0x000000b2ed1f99a0 mode 0
Event: 5505.110 Thread 0x000001cf6f27e000 Uncommon trap: trap_request=0xffffff4d fr.pc=0x000001cf5b4e3538 relative=0x00000000000007d8
Event: 5505.110 Thread 0x000001cf6f27e000 Uncommon trap: reason=unstable_if action=reinterpret pc=0x000001cf5b4e3538 method=com.android.utils.PositionXmlParser$DomBuilder.getCurrentPosition()Lcom/android/utils/PositionXmlParser$Position; @ 65 c2
Event: 5505.110 Thread 0x000001cf6f27e000 DEOPT PACKING pc=0x000001cf5b4e3538 sp=0x000000b2ed1fa070
Event: 5505.110 Thread 0x000001cf6f27e000 DEOPT UNPACKING pc=0x000001cf531a74af sp=0x000000b2ed1f9ff8 mode 2
Event: 5505.114 Thread 0x000001cf6f27e000 Uncommon trap: trap_request=0xffffff4d fr.pc=0x000001cf5b4e6eec relative=0x00000000000009ac
Event: 5505.114 Thread 0x000001cf6f27e000 Uncommon trap: reason=unstable_if action=reinterpret pc=0x000001cf5b4e6eec method=com.android.utils.PositionXmlParser$DomBuilder.findOpeningTag(Lcom/android/utils/PositionXmlParser$Position;)Lcom/android/utils/PositionXmlParser$Position; @ 81 c2
Event: 5505.114 Thread 0x000001cf6f27e000 DEOPT PACKING pc=0x000001cf5b4e6eec sp=0x000000b2ed1fa080
Event: 5505.114 Thread 0x000001cf6f27e000 DEOPT UNPACKING pc=0x000001cf531a74af sp=0x000000b2ed1f9ff8 mode 2
Event: 5505.114 Thread 0x000001cf6f27e000 Uncommon trap: trap_request=0xffffff4d fr.pc=0x000001cf5b4edc1c relative=0x000000000000091c
Event: 5505.114 Thread 0x000001cf6f27e000 Uncommon trap: reason=unstable_if action=reinterpret pc=0x000001cf5b4edc1c method=com.sun.org.apache.xerces.internal.impl.XMLEntityScanner.scanContent(Lcom/sun/org/apache/xerces/internal/xni/XMLString;)I @ 670 c2
Event: 5505.114 Thread 0x000001cf6f27e000 DEOPT PACKING pc=0x000001cf5b4edc1c sp=0x000000b2ed1fa360
Event: 5505.114 Thread 0x000001cf6f27e000 DEOPT UNPACKING pc=0x000001cf531a74af sp=0x000000b2ed1fa300 mode 2
Event: 5505.115 Thread 0x000001cf6f27e000 Uncommon trap: trap_request=0xffffff4d fr.pc=0x000001cf5ad24f44 relative=0x0000000000000384
Event: 5505.115 Thread 0x000001cf6f27e000 Uncommon trap: reason=unstable_if action=reinterpret pc=0x000001cf5ad24f44 method=com.sun.org.apache.xerces.internal.impl.XMLEntityScanner.scanContent(Lcom/sun/org/apache/xerces/internal/xni/XMLString;)I @ 670 c2
Event: 5505.115 Thread 0x000001cf6f27e000 DEOPT PACKING pc=0x000001cf5ad24f44 sp=0x000000b2ed1fa360
Event: 5505.115 Thread 0x000001cf6f27e000 DEOPT UNPACKING pc=0x000001cf531a74af sp=0x000000b2ed1fa300 mode 2
Event: 5505.176 Thread 0x000001cf6f27e000 DEOPT PACKING pc=0x000001cf53913291 sp=0x000000b2ed1fae10
Event: 5505.176 Thread 0x000001cf6f27e000 DEOPT UNPACKING pc=0x000001cf531a72ce sp=0x000000b2ed1fa2e8 mode 0

Classes redefined (0 events):
No events

Internal exceptions (20 events):
Event: 5491.950 Thread 0x000001cf6f284800 Exception <a 'java/lang/NoSuchMethodError'{0x000000008b609a60}: <clinit>> (0x000000008b609a60) thrown at [./src/hotspot/share/prims/jni.cpp, line 1362]
Event: 5491.951 Thread 0x000001cf6f284800 Exception <a 'java/lang/NoSuchMethodError'{0x000000008b612e38}: <clinit>> (0x000000008b612e38) thrown at [./src/hotspot/share/prims/jni.cpp, line 1362]
Event: 5491.975 Thread 0x000001cf6f284800 Exception <a 'java/lang/NoSuchMethodError'{0x000000008a495d20}: <clinit>> (0x000000008a495d20) thrown at [./src/hotspot/share/prims/jni.cpp, line 1362]
Event: 5491.976 Thread 0x000001cf6f284800 Exception <a 'java/lang/NoSuchMethodError'{0x000000008a4b5910}: <clinit>> (0x000000008a4b5910) thrown at [./src/hotspot/share/prims/jni.cpp, line 1362]
Event: 5491.976 Thread 0x000001cf6f284800 Exception <a 'java/lang/NoSuchMethodError'{0x000000008a4b6be8}: <clinit>> (0x000000008a4b6be8) thrown at [./src/hotspot/share/prims/jni.cpp, line 1362]
Event: 5492.083 Thread 0x000001cf6f284800 Exception <a 'java/lang/NoSuchMethodError'{0x000000008a4c5c78}: <clinit>> (0x000000008a4c5c78) thrown at [./src/hotspot/share/prims/jni.cpp, line 1362]
Event: 5494.329 Thread 0x000001cf6f284800 Exception <a 'java/lang/NoSuchMethodError'{0x000000008b634fd0}: <clinit>> (0x000000008b634fd0) thrown at [./src/hotspot/share/prims/jni.cpp, line 1362]
Event: 5494.333 Thread 0x000001cf6f284800 Exception <a 'java/lang/NoSuchMethodError'{0x000000008a7c9398}: <clinit>> (0x000000008a7c9398) thrown at [./src/hotspot/share/prims/jni.cpp, line 1362]
Event: 5494.335 Thread 0x000001cf6f284800 Exception <a 'java/lang/NoSuchMethodError'{0x000000008a7d7fc8}: <clinit>> (0x000000008a7d7fc8) thrown at [./src/hotspot/share/prims/jni.cpp, line 1362]
Event: 5494.572 Thread 0x000001cf6f27c000 Exception <a 'java/lang/NoSuchMethodError'{0x000000008a46bd20}: <clinit>> (0x000000008a46bd20) thrown at [./src/hotspot/share/prims/jni.cpp, line 1362]
Event: 5494.573 Thread 0x000001cf6f27c000 Exception <a 'java/lang/NoSuchMethodError'{0x000000008a47cd50}: <clinit>> (0x000000008a47cd50) thrown at [./src/hotspot/share/prims/jni.cpp, line 1362]
Event: 5494.576 Thread 0x000001cf6f27c000 Exception <a 'java/lang/NoSuchMethodError'{0x000000008a47e438}: <clinit>> (0x000000008a47e438) thrown at [./src/hotspot/share/prims/jni.cpp, line 1362]
Event: 5494.577 Thread 0x000001cf6f27c000 Exception <a 'java/lang/NoSuchMethodError'{0x000000008a4909d0}: <clinit>> (0x000000008a4909d0) thrown at [./src/hotspot/share/prims/jni.cpp, line 1362]
Event: 5494.578 Thread 0x000001cf6f27c000 Exception <a 'java/lang/NoSuchMethodError'{0x000000008a49cdf0}: <clinit>> (0x000000008a49cdf0) thrown at [./src/hotspot/share/prims/jni.cpp, line 1362]
Event: 5494.580 Thread 0x000001cf6f27c000 Exception <a 'java/lang/NoSuchMethodError'{0x000000008a4aefd0}: <clinit>> (0x000000008a4aefd0) thrown at [./src/hotspot/share/prims/jni.cpp, line 1362]
Event: 5494.602 Thread 0x000001cf6f27c000 Implicit null exception at 0x000001cf5b3c9ced to 0x000001cf5b3cc300
Event: 5497.053 Thread 0x000001cf6f27a000 Exception <a 'sun/nio/fs/WindowsException'{0x00000000893bb3e0}> (0x00000000893bb3e0) thrown at [./src/hotspot/share/prims/jni.cpp, line 615]
Event: 5497.178 Thread 0x000001cf6f27a000 Exception <a 'sun/nio/fs/WindowsException'{0x0000000088f57ac8}> (0x0000000088f57ac8) thrown at [./src/hotspot/share/prims/jni.cpp, line 615]
Event: 5498.662 Thread 0x000001cf6f27e000 Implicit null exception at 0x000001cf5af53684 to 0x000001cf5af5387c
Event: 5504.791 Thread 0x000001cf6f27e000 Implicit null exception at 0x000001cf5b55a880 to 0x000001cf5b55f9b4

Events (20 events):
Event: 5502.202 Thread 0x000001cf6f283800 Thread added: 0x000001cf6f283800
Event: 5503.181 Executing VM operation: G1CollectForAllocation
Event: 5503.238 Executing VM operation: G1CollectForAllocation done
Event: 5503.298 Executing VM operation: G1CollectForAllocation
Event: 5503.345 Executing VM operation: G1CollectForAllocation done
Event: 5503.659 Executing VM operation: G1CollectForAllocation
Event: 5503.668 Executing VM operation: G1CollectForAllocation done
Event: 5503.863 Executing VM operation: CGC_Operation
Event: 5503.889 Executing VM operation: CGC_Operation done
Event: 5503.999 Executing VM operation: CGC_Operation
Event: 5503.999 Executing VM operation: CGC_Operation done
Event: 5504.508 Thread 0x000001cf6f283800 Thread exited: 0x000001cf6f283800
Event: 5504.785 loading class com/android/builder/png/VectorDrawableRenderer$PreprocessingReason
Event: 5504.785 loading class com/android/builder/png/VectorDrawableRenderer$PreprocessingReason done
Event: 5505.156 loading class com/android/ide/common/resources/MergeConsumer$ConsumerException
Event: 5505.156 loading class com/android/ide/common/resources/MergeConsumer$ConsumerException done
Event: 5505.157 loading class java/util/concurrent/ConcurrentLinkedDeque
Event: 5505.161 loading class java/util/concurrent/ConcurrentLinkedDeque done
Event: 5505.162 loading class java/util/concurrent/ConcurrentLinkedDeque$Node
Event: 5505.162 loading class java/util/concurrent/ConcurrentLinkedDeque$Node done


Dynamic libraries:
0x00007ff632df0000 - 0x00007ff632dfa000 	C:\Program Files\Android\Android Studio\jre\bin\java.exe
0x00007ff8935f0000 - 0x00007ff8937e5000 	C:\Windows\SYSTEM32\ntdll.dll
0x00007ff892490000 - 0x00007ff89254d000 	C:\Windows\System32\KERNEL32.DLL
0x00007ff891380000 - 0x00007ff891648000 	C:\Windows\System32\KERNELBASE.dll
0x00007ff891150000 - 0x00007ff891250000 	C:\Windows\System32\ucrtbase.dll
0x00007ff88e9e0000 - 0x00007ff88e9f9000 	C:\Program Files\Android\Android Studio\jre\bin\jli.dll
0x00007ff892600000 - 0x00007ff8927a0000 	C:\Windows\System32\USER32.dll
0x00007ff891350000 - 0x00007ff891372000 	C:\Windows\System32\win32u.dll
0x00007ff8923a0000 - 0x00007ff8923ca000 	C:\Windows\System32\GDI32.dll
0x00007ff891040000 - 0x00007ff89114b000 	C:\Windows\System32\gdi32full.dll
0x00007ff891250000 - 0x00007ff8912ed000 	C:\Windows\System32\msvcp_win.dll
0x00007ff88e870000 - 0x00007ff88e887000 	C:\Program Files\Android\Android Studio\jre\bin\VCRUNTIME140.dll
0x00007ff890120000 - 0x00007ff8903ba000 	C:\Windows\WinSxS\amd64_microsoft.windows.common-controls_6595b64144ccf1df_6.0.19041.844_none_ca00b6081b84eb1d\COMCTL32.dll
0x00007ff8929f0000 - 0x00007ff892a8e000 	C:\Windows\System32\msvcrt.dll
0x00007ff892c50000 - 0x00007ff892c80000 	C:\Windows\System32\IMM32.DLL
0x00007ff87f160000 - 0x00007ff87f1fd000 	C:\Program Files\Android\Android Studio\jre\bin\msvcp140.dll
0x00007ff84af60000 - 0x00007ff84ba1c000 	C:\Program Files\Android\Android Studio\jre\bin\server\jvm.dll
0x00007ff892550000 - 0x00007ff8925fc000 	C:\Windows\System32\ADVAPI32.dll
0x00007ff892e30000 - 0x00007ff892ecb000 	C:\Windows\System32\sechost.dll
0x00007ff892a90000 - 0x00007ff892bbb000 	C:\Windows\System32\RPCRT4.dll
0x00007ff8923d0000 - 0x00007ff8923d8000 	C:\Windows\System32\PSAPI.DLL
0x00007ff87ad80000 - 0x00007ff87ad89000 	C:\Windows\SYSTEM32\WSOCK32.dll
0x00007ff892f30000 - 0x00007ff892f9b000 	C:\Windows\System32\WS2_32.dll
0x00007ff87fa30000 - 0x00007ff87fa57000 	C:\Windows\SYSTEM32\WINMM.dll
0x00007ff88d2e0000 - 0x00007ff88d2ea000 	C:\Windows\SYSTEM32\VERSION.dll
0x00007ff88f000000 - 0x00007ff88f012000 	C:\Windows\SYSTEM32\kernel.appcore.dll
0x00007ff88ed00000 - 0x00007ff88ed11000 	C:\Program Files\Android\Android Studio\jre\bin\verify.dll
0x00007ff890760000 - 0x00007ff890944000 	C:\Windows\SYSTEM32\DBGHELP.DLL
0x00007ff8906b0000 - 0x00007ff8906dc000 	C:\Windows\SYSTEM32\dbgcore.DLL
0x00007ff890d30000 - 0x00007ff890db0000 	C:\Windows\System32\bcryptPrimitives.dll
0x00007ff88ea40000 - 0x00007ff88ea69000 	C:\Program Files\Android\Android Studio\jre\bin\java.dll
0x00007ff88ecf0000 - 0x00007ff88ecfb000 	C:\Program Files\Android\Android Studio\jre\bin\jimage.dll
0x00007ff88ea20000 - 0x00007ff88ea38000 	C:\Program Files\Android\Android Studio\jre\bin\zip.dll
0x00007ff891b70000 - 0x00007ff8922b2000 	C:\Windows\System32\SHELL32.dll
0x00007ff88df90000 - 0x00007ff88e720000 	C:\Windows\SYSTEM32\windows.storage.dll
0x00007ff891660000 - 0x00007ff8919b5000 	C:\Windows\System32\combase.dll
0x00007ff8900b0000 - 0x00007ff8900dc000 	C:\Windows\SYSTEM32\Wldp.dll
0x00007ff8923e0000 - 0x00007ff89248e000 	C:\Windows\System32\SHCORE.dll
0x00007ff893410000 - 0x00007ff893465000 	C:\Windows\System32\shlwapi.dll
0x00007ff890c70000 - 0x00007ff890c8f000 	C:\Windows\SYSTEM32\profapi.dll
0x00007ff88ea00000 - 0x00007ff88ea1a000 	C:\Program Files\Android\Android Studio\jre\bin\net.dll
0x00007ff880d70000 - 0x00007ff880e7b000 	C:\Windows\SYSTEM32\WINHTTP.dll
0x00007ff88ffe0000 - 0x00007ff89004a000 	C:\Windows\system32\mswsock.dll
0x00007ff88b000000 - 0x00007ff88b014000 	C:\Program Files\Android\Android Studio\jre\bin\nio.dll
0x00007ff88d7d0000 - 0x00007ff88d7f7000 	C:\Users\DELL\.gradle\native\f6784746aeab05261644944871eae4fe03e0ef1612fff0a4a95f87b438bc6780\windows-amd64\native-platform.dll
0x00007ff88ecc0000 - 0x00007ff88ecca000 	C:\Program Files\Android\Android Studio\jre\bin\management.dll
0x00007ff88eac0000 - 0x00007ff88eacc000 	C:\Program Files\Android\Android Studio\jre\bin\management_ext.dll
0x00007ff890ac0000 - 0x00007ff890ad8000 	C:\Windows\SYSTEM32\CRYPTSP.dll
0x00007ff88f7e0000 - 0x00007ff88f814000 	C:\Windows\system32\rsaenh.dll
0x00007ff890eb0000 - 0x00007ff890ed7000 	C:\Windows\System32\bcrypt.dll
0x00007ff890bf0000 - 0x00007ff890c1e000 	C:\Windows\SYSTEM32\USERENV.dll
0x00007ff890070000 - 0x00007ff89007c000 	C:\Windows\SYSTEM32\CRYPTBASE.dll
0x00007ff88fb10000 - 0x00007ff88fb4b000 	C:\Windows\SYSTEM32\IPHLPAPI.DLL
0x00007ff891650000 - 0x00007ff891658000 	C:\Windows\System32\NSI.dll
0x00007ff885470000 - 0x00007ff885487000 	C:\Windows\SYSTEM32\dhcpcsvc6.DLL
0x00007ff885450000 - 0x00007ff88546d000 	C:\Windows\SYSTEM32\dhcpcsvc.DLL
0x00007ff88fb50000 - 0x00007ff88fc1c000 	C:\Windows\SYSTEM32\DNSAPI.dll
0x00007ff886890000 - 0x00007ff88689b000 	C:\Windows\SYSTEM32\WINNSI.DLL
0x00007ff88ae10000 - 0x00007ff88ae37000 	C:\Program Files\Android\Android Studio\jre\bin\sunec.dll
0x00007ff8800a0000 - 0x00007ff8800aa000 	C:\Windows\System32\rasadhlp.dll
0x00007ff87ff60000 - 0x00007ff87ffdf000 	C:\Windows\System32\fwpuclnt.dll

dbghelp: loaded successfully - version: 4.0.5 - missing functions: none
symbol engine: initialized successfully - sym options: 0x614 - pdb path: .;C:\Program Files\Android\Android Studio\jre\bin;C:\Windows\SYSTEM32;C:\Windows\WinSxS\amd64_microsoft.windows.common-controls_6595b64144ccf1df_6.0.19041.844_none_ca00b6081b84eb1d;C:\Program Files\Android\Android Studio\jre\bin\server;C:\Users\DELL\.gradle\native\f6784746aeab05261644944871eae4fe03e0ef1612fff0a4a95f87b438bc6780\windows-amd64

VM Arguments:
jvm_args: --add-opens=java.base/java.util=ALL-UNNAMED --add-opens=java.base/java.lang=ALL-UNNAMED --add-opens=java.base/java.lang.invoke=ALL-UNNAMED --add-opens=java.prefs/java.util.prefs=ALL-UNNAMED -Xmx2048m -Dfile.encoding=UTF-8 -Duser.country=US -Duser.language=en -Duser.variant 
java_command: org.gradle.launcher.daemon.bootstrap.GradleDaemon 6.5
java_class_path (initial): C:\Users\DELL\.gradle\wrapper\dists\gradle-6.5-bin\6nifqtx7604sqp1q6g8wikw7p\gradle-6.5\lib\gradle-launcher-6.5.jar
Launcher Type: SUN_STANDARD

[Global flags]
     intx CICompilerCount                          = 3                                         {product} {ergonomic}
     uint ConcGCThreads                            = 1                                         {product} {ergonomic}
     uint G1ConcRefinementThreads                  = 4                                         {product} {ergonomic}
   size_t G1HeapRegionSize                         = 1048576                                   {product} {ergonomic}
    uintx GCDrainStackTargetSize                   = 64                                        {product} {ergonomic}
   size_t InitialHeapSize                          = 132120576                                 {product} {ergonomic}
   size_t MarkStackSize                            = 4194304                                   {product} {ergonomic}
   size_t MaxHeapSize                              = 2147483648                                {product} {command line}
   size_t MaxNewSize                               = 1287651328                                {product} {ergonomic}
   size_t MinHeapDeltaBytes                        = 1048576                                   {product} {ergonomic}
    uintx NonNMethodCodeHeapSize                   = 5830732                                {pd product} {ergonomic}
    uintx NonProfiledCodeHeapSize                  = 122913754                              {pd product} {ergonomic}
    uintx ProfiledCodeHeapSize                     = 122913754                              {pd product} {ergonomic}
    uintx ReservedCodeCacheSize                    = 251658240                              {pd product} {ergonomic}
     bool SegmentedCodeCache                       = true                                      {product} {ergonomic}
     bool UseCompressedClassPointers               = true                                 {lp64_product} {ergonomic}
     bool UseCompressedOops                        = true                                 {lp64_product} {ergonomic}
     bool UseG1GC                                  = true                                      {product} {ergonomic}
     bool UseLargePagesIndividualAllocation        = false                                  {pd product} {ergonomic}

Logging:
Log output configuration:
 #0: stdout all=warning uptime,level,tags
 #1: stderr all=off uptime,level,tags

Environment Variables:
JAVA_HOME=C:\IDEJava\Java\jdk-191
PATH=C:\ProgramData\Anaconda3\Scripts;C:\ProgramData\Anaconda3;C:\Program Files (x86)\Common Files\Oracle\Java\javapath;C:\Program Files (x86)\Intel\iCLS Client\;C:\Program Files\Intel\iCLS Client\;C:\Windows\system32;C:\Windows;C:\Windows\System32\Wbem;C:\Windows\System32\WindowsPowerShell\v1.0\;C:\Program Files (x86)\Intel\Intel(R) Management Engine Components\DAL;C:\Program Files\Intel\Intel(R) Management Engine Components\DAL;C:\Program Files (x86)\Intel\Intel(R) Management Engine Components\IPT;C:\Program Files\Intel\Intel(R) Management Engine Components\IPT;C:\Program Files\Microsoft SQL Server\130\Tools\Binn\;C:\Windows\System32\OpenSSH\;C:\IDEJava\Java\jdk-191\bin;C:\Program Files\Microsoft SQL Server\120\DTS\Binn\;C:\Program Files\Microsoft SQL Server\Client SDK\ODBC\110\Tools\Binn\;C:\Program Files (x86)\Microsoft SQL Server\120\Tools\Binn\;C:\Program Files\Microsoft SQL Server\120\Tools\Binn\;C:\Program Files\nodejs\;C:\ProgramData\chocolatey\bin;C:\Program Files (x86)\Microsoft SQL Server\120\Tools\Binn\ManagementStudio\;C:\Program Files (x86)\Microsoft SQL Server\120\DTS\Binn\;C:\Program Files\Git\cmd;C:\ProgramData\Anaconda3\Scripts;C:\ProgramData\Anaconda3;C:\Users\DELL\AppData\Local\Programs\Python\Python37-32\Scripts\;C:\Users\DELL\AppData\Local\Programs\Python\Python37-32\;C:\Program Files (x86)\Microsoft Visual Studio\Common\Tools\WinNT;C:\Program Files (x86)\Microsoft Visual Studio\Common\MSDev98\Bin;C:\Program Files (x86)\Microsoft Visual Studio\Common\Tools;C:\Program Files (x86)\Microsoft Visual Studio\VC98\bin;C:\Users\DELL\AppData\Local\Microsoft\WindowsApps;E:\code\New folder\IntelliJ IDEA Community Edition 2019.1.2\bin;C:\Users\DELL\AppData\Local\GitHubDesktop\bin;C:\Users\DELL\AppData\Local\Microsoft\WindowsApps;E:\code\PyCharm\bin;;C:\Users\DELL\AppData\Roaming\npm;C:\Program Files\heroku\bin;C:\Users\DELL\AppData\Local\Programs\Microsoft VS Code\bin;
USERNAME=DELL
OS=Windows_NT
PROCESSOR_IDENTIFIER=Intel64 Family 6 Model 142 Stepping 9, GenuineIntel



---------------  S Y S T E M  ---------------

OS: Windows 10 , 64 bit Build 19041 (10.0.19041.928)
OS uptime: 3 days 5:57 hours

CPU:total 4 (initial active 4) (2 cores per cpu, 2 threads per core) family 6 model 142 stepping 9, cmov, cx8, fxsr, mmx, sse, sse2, sse3, ssse3, sse4.1, sse4.2, popcnt, avx, avx2, aes, clmul, erms, 3dnowpref, lzcnt, ht, tsc, tscinvbit, bmi1, bmi2, adx, fma

Memory: 4k page, system-wide physical 8057M (387M free)
TotalPageFile size 12057M (AvailPageFile size 6M)
current process WorkingSet (physical memory assigned to process): 383M, peak: 466M
current process commit charge ("private bytes"): 479M, peak: 504M

vm_info: OpenJDK 64-Bit Server VM (11.0.8+10-b944.6842174) for windows-amd64 JRE (11.0.8+10-b944.6842174), built on Sep 19 2020 01:11:42 by "builder" with MS VC++ 14.0 (VS2015)

END.
